CRITICAL - 2022-09-12 09:21:01 --> Undefined variable $koneksi
in APPPATH\Views\admin\index.php on line 399.
 1 APPPATH\Views\admin\index.php(399): CodeIgniter\Debug\Exceptions->errorHandler(2, 'Undefined variable $koneksi', 'APPPATH\\Views\\admin\\index.php', 399)
 2 SYSTEMPATH\View\View.php(213): include('APPPATH\\Views\\admin\\index.php')
 3 SYSTEMPATH\View\View.php(216): CodeIgniter\View\View->CodeIgniter\View\{closure}()
 4 SYSTEMPATH\Common.php(1137): CodeIgniter\View\View->render('admin/index', [], true)
 5 APPPATH\Controllers\Admin.php(34): view('admin/index', [...])
 6 SYSTEMPATH\CodeIgniter.php(904): App\Controllers\Admin->index()
 7 SYSTEMPATH\CodeIgniter.php(457): CodeIgniter\CodeIgniter->runController(Object(App\Controllers\Admin))
 8 SYSTEMPATH\CodeIgniter.php(340): CodeIgniter\CodeIgniter->handleRequest(null, Object(Config\Cache), false)
 9 FCPATH\index.php(67): CodeIgniter\CodeIgniter->run()
10 SYSTEMPATH\Commands\Server\rewrite.php(43): require_once('FCPATH\\index.php')
CRITICAL - 2022-09-12 09:21:22 --> Undefined variable $koneksi
in APPPATH\Views\admin\index.php on line 399.
 1 APPPATH\Views\admin\index.php(399): CodeIgniter\Debug\Exceptions->errorHandler(2, 'Undefined variable $koneksi', 'APPPATH\\Views\\admin\\index.php', 399)
 2 SYSTEMPATH\View\View.php(213): include('APPPATH\\Views\\admin\\index.php')
 3 SYSTEMPATH\View\View.php(216): CodeIgniter\View\View->CodeIgniter\View\{closure}()
 4 SYSTEMPATH\Common.php(1137): CodeIgniter\View\View->render('admin/index', [], true)
 5 APPPATH\Controllers\Admin.php(34): view('admin/index', [...])
 6 SYSTEMPATH\CodeIgniter.php(904): App\Controllers\Admin->index()
 7 SYSTEMPATH\CodeIgniter.php(457): CodeIgniter\CodeIgniter->runController(Object(App\Controllers\Admin))
 8 SYSTEMPATH\CodeIgniter.php(340): CodeIgniter\CodeIgniter->handleRequest(null, Object(Config\Cache), false)
 9 FCPATH\index.php(67): CodeIgniter\CodeIgniter->run()
10 SYSTEMPATH\Commands\Server\rewrite.php(43): require_once('FCPATH\\index.php')
CRITICAL - 2022-09-12 18:21:16 --> Undefined global variable $_SESSION
in APPPATH\Views\user\pinjam\index.php on line 88.
 1 APPPATH\Views\user\pinjam\index.php(88): CodeIgniter\Debug\Exceptions->errorHandler(2, 'Undefined global variable $_SESSION', 'APPPATH\\Views\\user\\pinjam\\index.php', 88)
 2 SYSTEMPATH\View\View.php(213): include('APPPATH\\Views\\user\\pinjam\\index.php')
 3 SYSTEMPATH\View\View.php(216): CodeIgniter\View\View->CodeIgniter\View\{closure}()
 4 SYSTEMPATH\Common.php(1137): CodeIgniter\View\View->render('user/pinjam/index', [], true)
 5 APPPATH\Controllers\Pinjam.php(25): view('user/pinjam/index', [...])
 6 SYSTEMPATH\CodeIgniter.php(904): App\Controllers\Pinjam->index()
 7 SYSTEMPATH\CodeIgniter.php(457): CodeIgniter\CodeIgniter->runController(Object(App\Controllers\Pinjam))
 8 SYSTEMPATH\CodeIgniter.php(340): CodeIgniter\CodeIgniter->handleRequest(null, Object(Config\Cache), false)
 9 FCPATH\index.php(67): CodeIgniter\CodeIgniter->run()
10 SYSTEMPATH\Commands\Server\rewrite.php(43): require_once('FCPATH\\index.php')
CRITICAL - 2022-09-12 18:21:37 --> Undefined global variable $_SESSION
in APPPATH\Views\user\pinjam\index.php on line 88.
 1 APPPATH\Views\user\pinjam\index.php(88): CodeIgniter\Debug\Exceptions->errorHandler(2, 'Undefined global variable $_SESSION', 'APPPATH\\Views\\user\\pinjam\\index.php', 88)
 2 SYSTEMPATH\View\View.php(213): include('APPPATH\\Views\\user\\pinjam\\index.php')
 3 SYSTEMPATH\View\View.php(216): CodeIgniter\View\View->CodeIgniter\View\{closure}()
 4 SYSTEMPATH\Common.php(1137): CodeIgniter\View\View->render('user/pinjam/index', [], true)
 5 APPPATH\Controllers\Pinjam.php(25): view('user/pinjam/index', [...])
 6 SYSTEMPATH\CodeIgniter.php(904): App\Controllers\Pinjam->index()
 7 SYSTEMPATH\CodeIgniter.php(457): CodeIgniter\CodeIgniter->runController(Object(App\Controllers\Pinjam))
 8 SYSTEMPATH\CodeIgniter.php(340): CodeIgniter\CodeIgniter->handleRequest(null, Object(Config\Cache), false)
 9 FCPATH\index.php(67): CodeIgniter\CodeIgniter->run()
10 SYSTEMPATH\Commands\Server\rewrite.php(43): require_once('FCPATH\\index.php')
CRITICAL - 2022-09-12 20:27:57 --> Undefined variable $row
in APPPATH\Views\admin\inout\index.php on line 137.
 1 APPPATH\Views\admin\inout\index.php(137): CodeIgniter\Debug\Exceptions->errorHandler(2, 'Undefined variable $row', 'APPPATH\\Views\\admin\\inout\\index.php', 137)
 2 SYSTEMPATH\View\View.php(213): include('APPPATH\\Views\\admin\\inout\\index.php')
 3 SYSTEMPATH\View\View.php(216): CodeIgniter\View\View->CodeIgniter\View\{closure}()
 4 SYSTEMPATH\Common.php(1137): CodeIgniter\View\View->render('admin/inout/index', [], true)
 5 APPPATH\Controllers\Admin.php(166): view('admin/inout/index')
 6 SYSTEMPATH\CodeIgniter.php(904): App\Controllers\Admin->inout()
 7 SYSTEMPATH\CodeIgniter.php(457): CodeIgniter\CodeIgniter->runController(Object(App\Controllers\Admin))
 8 SYSTEMPATH\CodeIgniter.php(340): CodeIgniter\CodeIgniter->handleRequest(null, Object(Config\Cache), false)
 9 FCPATH\index.php(67): CodeIgniter\CodeIgniter->run()
10 SYSTEMPATH\Commands\Server\rewrite.php(43): require_once('FCPATH\\index.php')
CRITICAL - 2022-09-12 20:29:01 --> Undefined variable $user
in APPPATH\Views\admin\inout\index.php on line 133.
 1 APPPATH\Views\admin\inout\index.php(133): CodeIgniter\Debug\Exceptions->errorHandler(2, 'Undefined variable $user', 'APPPATH\\Views\\admin\\inout\\index.php', 133)
 2 SYSTEMPATH\View\View.php(213): include('APPPATH\\Views\\admin\\inout\\index.php')
 3 SYSTEMPATH\View\View.php(216): CodeIgniter\View\View->CodeIgniter\View\{closure}()
 4 SYSTEMPATH\Common.php(1137): CodeIgniter\View\View->render('admin/inout/index', [], true)
 5 APPPATH\Controllers\Admin.php(166): view('admin/inout/index')
 6 SYSTEMPATH\CodeIgniter.php(904): App\Controllers\Admin->inout()
 7 SYSTEMPATH\CodeIgniter.php(457): CodeIgniter\CodeIgniter->runController(Object(App\Controllers\Admin))
 8 SYSTEMPATH\CodeIgniter.php(340): CodeIgniter\CodeIgniter->handleRequest(null, Object(Config\Cache), false)
 9 FCPATH\index.php(67): CodeIgniter\CodeIgniter->run()
10 SYSTEMPATH\Commands\Server\rewrite.php(43): require_once('FCPATH\\index.php')
CRITICAL - 2022-09-12 20:29:45 --> Undefined variable $inout
in APPPATH\Views\admin\inout\index.php on line 133.
 1 APPPATH\Views\admin\inout\index.php(133): CodeIgniter\Debug\Exceptions->errorHandler(2, 'Undefined variable $inout', 'APPPATH\\Views\\admin\\inout\\index.php', 133)
 2 SYSTEMPATH\View\View.php(213): include('APPPATH\\Views\\admin\\inout\\index.php')
 3 SYSTEMPATH\View\View.php(216): CodeIgniter\View\View->CodeIgniter\View\{closure}()
 4 SYSTEMPATH\Common.php(1137): CodeIgniter\View\View->render('admin/inout/index', [], true)
 5 APPPATH\Controllers\Admin.php(166): view('admin/inout/index')
 6 SYSTEMPATH\CodeIgniter.php(904): App\Controllers\Admin->inout()
 7 SYSTEMPATH\CodeIgniter.php(457): CodeIgniter\CodeIgniter->runController(Object(App\Controllers\Admin))
 8 SYSTEMPATH\CodeIgniter.php(340): CodeIgniter\CodeIgniter->handleRequest(null, Object(Config\Cache), false)
 9 FCPATH\index.php(67): CodeIgniter\CodeIgniter->run()
10 SYSTEMPATH\Commands\Server\rewrite.php(43): require_once('FCPATH\\index.php')
CRITICAL - 2022-09-12 20:32:54 --> Undefined variable $inout
in APPPATH\Views\admin\inout\index.php on line 133.
 1 APPPATH\Views\admin\inout\index.php(133): CodeIgniter\Debug\Exceptions->errorHandler(2, 'Undefined variable $inout', 'APPPATH\\Views\\admin\\inout\\index.php', 133)
 2 SYSTEMPATH\View\View.php(213): include('APPPATH\\Views\\admin\\inout\\index.php')
 3 SYSTEMPATH\View\View.php(216): CodeIgniter\View\View->CodeIgniter\View\{closure}()
 4 SYSTEMPATH\Common.php(1137): CodeIgniter\View\View->render('admin/inout/index', [], true)
 5 APPPATH\Controllers\Admin.php(166): view('admin/inout/index')
 6 SYSTEMPATH\CodeIgniter.php(904): App\Controllers\Admin->inout()
 7 SYSTEMPATH\CodeIgniter.php(457): CodeIgniter\CodeIgniter->runController(Object(App\Controllers\Admin))
 8 SYSTEMPATH\CodeIgniter.php(340): CodeIgniter\CodeIgniter->handleRequest(null, Object(Config\Cache), false)
 9 FCPATH\index.php(67): CodeIgniter\CodeIgniter->run()
10 SYSTEMPATH\Commands\Server\rewrite.php(43): require_once('FCPATH\\index.php')
CRITICAL - 2022-09-12 20:38:34 --> Undefined variable $row
in APPPATH\Views\admin\inout\index.php on line 137.
 1 APPPATH\Views\admin\inout\index.php(137): CodeIgniter\Debug\Exceptions->errorHandler(2, 'Undefined variable $row', 'APPPATH\\Views\\admin\\inout\\index.php', 137)
 2 SYSTEMPATH\View\View.php(213): include('APPPATH\\Views\\admin\\inout\\index.php')
 3 SYSTEMPATH\View\View.php(216): CodeIgniter\View\View->CodeIgniter\View\{closure}()
 4 SYSTEMPATH\Common.php(1137): CodeIgniter\View\View->render('admin/inout/index', [], true)
 5 APPPATH\Controllers\Admin.php(166): view('admin/inout/index')
 6 SYSTEMPATH\CodeIgniter.php(904): App\Controllers\Admin->inout()
 7 SYSTEMPATH\CodeIgniter.php(457): CodeIgniter\CodeIgniter->runController(Object(App\Controllers\Admin))
 8 SYSTEMPATH\CodeIgniter.php(340): CodeIgniter\CodeIgniter->handleRequest(null, Object(Config\Cache), false)
 9 FCPATH\index.php(67): CodeIgniter\CodeIgniter->run()
10 SYSTEMPATH\Commands\Server\rewrite.php(43): require_once('FCPATH\\index.php')
CRITICAL - 2022-09-12 21:17:00 --> Undefined variable $row
in APPPATH\Views\admin\inout\index.php on line 137.
 1 APPPATH\Views\admin\inout\index.php(137): CodeIgniter\Debug\Exceptions->errorHandler(2, 'Undefined variable $row', 'APPPATH\\Views\\admin\\inout\\index.php', 137)
 2 SYSTEMPATH\View\View.php(213): include('APPPATH\\Views\\admin\\inout\\index.php')
 3 SYSTEMPATH\View\View.php(216): CodeIgniter\View\View->CodeIgniter\View\{closure}()
 4 SYSTEMPATH\Common.php(1137): CodeIgniter\View\View->render('admin/inout/index', [], true)
 5 APPPATH\Controllers\Admin.php(166): view('admin/inout/index')
 6 SYSTEMPATH\CodeIgniter.php(904): App\Controllers\Admin->inout()
 7 SYSTEMPATH\CodeIgniter.php(457): CodeIgniter\CodeIgniter->runController(Object(App\Controllers\Admin))
 8 SYSTEMPATH\CodeIgniter.php(340): CodeIgniter\CodeIgniter->handleRequest(null, Object(Config\Cache), false)
 9 FCPATH\index.php(67): CodeIgniter\CodeIgniter->run()
10 SYSTEMPATH\Commands\Server\rewrite.php(43): require_once('FCPATH\\index.php')
CRITICAL - 2022-09-12 21:41:29 --> Undefined variable $row
in APPPATH\Views\admin\inout\index.php on line 137.
 1 APPPATH\Views\admin\inout\index.php(137): CodeIgniter\Debug\Exceptions->errorHandler(2, 'Undefined variable $row', 'APPPATH\\Views\\admin\\inout\\index.php', 137)
 2 SYSTEMPATH\View\View.php(213): include('APPPATH\\Views\\admin\\inout\\index.php')
 3 SYSTEMPATH\View\View.php(216): CodeIgniter\View\View->CodeIgniter\View\{closure}()
 4 SYSTEMPATH\Common.php(1137): CodeIgniter\View\View->render('admin/inout/index', [], true)
 5 APPPATH\Controllers\Admin.php(166): view('admin/inout/index')
 6 SYSTEMPATH\CodeIgniter.php(904): App\Controllers\Admin->inout()
 7 SYSTEMPATH\CodeIgniter.php(457): CodeIgniter\CodeIgniter->runController(Object(App\Controllers\Admin))
 8 SYSTEMPATH\CodeIgniter.php(340): CodeIgniter\CodeIgniter->handleRequest(null, Object(Config\Cache), false)
 9 FCPATH\index.php(67): CodeIgniter\CodeIgniter->run()
10 SYSTEMPATH\Commands\Server\rewrite.php(43): require_once('FCPATH\\index.php')
CRITICAL - 2022-09-12 21:41:30 --> Undefined variable $row
in APPPATH\Views\admin\inout\index.php on line 137.
 1 APPPATH\Views\admin\inout\index.php(137): CodeIgniter\Debug\Exceptions->errorHandler(2, 'Undefined variable $row', 'APPPATH\\Views\\admin\\inout\\index.php', 137)
 2 SYSTEMPATH\View\View.php(213): include('APPPATH\\Views\\admin\\inout\\index.php')
 3 SYSTEMPATH\View\View.php(216): CodeIgniter\View\View->CodeIgniter\View\{closure}()
 4 SYSTEMPATH\Common.php(1137): CodeIgniter\View\View->render('admin/inout/index', [], true)
 5 APPPATH\Controllers\Admin.php(166): view('admin/inout/index')
 6 SYSTEMPATH\CodeIgniter.php(904): App\Controllers\Admin->inout()
 7 SYSTEMPATH\CodeIgniter.php(457): CodeIgniter\CodeIgniter->runController(Object(App\Controllers\Admin))
 8 SYSTEMPATH\CodeIgniter.php(340): CodeIgniter\CodeIgniter->handleRequest(null, Object(Config\Cache), false)
 9 FCPATH\index.php(67): CodeIgniter\CodeIgniter->run()
10 SYSTEMPATH\Commands\Server\rewrite.php(43): require_once('FCPATH\\index.php')
CRITICAL - 2022-09-12 21:41:33 --> Undefined variable $row
in APPPATH\Views\admin\inout\index.php on line 137.
 1 APPPATH\Views\admin\inout\index.php(137): CodeIgniter\Debug\Exceptions->errorHandler(2, 'Undefined variable $row', 'APPPATH\\Views\\admin\\inout\\index.php', 137)
 2 SYSTEMPATH\View\View.php(213): include('APPPATH\\Views\\admin\\inout\\index.php')
 3 SYSTEMPATH\View\View.php(216): CodeIgniter\View\View->CodeIgniter\View\{closure}()
 4 SYSTEMPATH\Common.php(1137): CodeIgniter\View\View->render('admin/inout/index', [], true)
 5 APPPATH\Controllers\Admin.php(166): view('admin/inout/index')
 6 SYSTEMPATH\CodeIgniter.php(904): App\Controllers\Admin->inout()
 7 SYSTEMPATH\CodeIgniter.php(457): CodeIgniter\CodeIgniter->runController(Object(App\Controllers\Admin))
 8 SYSTEMPATH\CodeIgniter.php(340): CodeIgniter\CodeIgniter->handleRequest(null, Object(Config\Cache), false)
 9 FCPATH\index.php(67): CodeIgniter\CodeIgniter->run()
10 SYSTEMPATH\Commands\Server\rewrite.php(43): require_once('FCPATH\\index.php')
CRITICAL - 2022-09-12 21:41:33 --> Undefined variable $row
in APPPATH\Views\admin\inout\index.php on line 137.
 1 APPPATH\Views\admin\inout\index.php(137): CodeIgniter\Debug\Exceptions->errorHandler(2, 'Undefined variable $row', 'APPPATH\\Views\\admin\\inout\\index.php', 137)
 2 SYSTEMPATH\View\View.php(213): include('APPPATH\\Views\\admin\\inout\\index.php')
 3 SYSTEMPATH\View\View.php(216): CodeIgniter\View\View->CodeIgniter\View\{closure}()
 4 SYSTEMPATH\Common.php(1137): CodeIgniter\View\View->render('admin/inout/index', [], true)
 5 APPPATH\Controllers\Admin.php(166): view('admin/inout/index')
 6 SYSTEMPATH\CodeIgniter.php(904): App\Controllers\Admin->inout()
 7 SYSTEMPATH\CodeIgniter.php(457): CodeIgniter\CodeIgniter->runController(Object(App\Controllers\Admin))
 8 SYSTEMPATH\CodeIgniter.php(340): CodeIgniter\CodeIgniter->handleRequest(null, Object(Config\Cache), false)
 9 FCPATH\index.php(67): CodeIgniter\CodeIgniter->run()
10 SYSTEMPATH\Commands\Server\rewrite.php(43): require_once('FCPATH\\index.php')
CRITICAL - 2022-09-12 21:44:08 --> Undefined variable $row
in APPPATH\Views\admin\inout\index.php on line 137.
 1 APPPATH\Views\admin\inout\index.php(137): CodeIgniter\Debug\Exceptions->errorHandler(2, 'Undefined variable $row', 'APPPATH\\Views\\admin\\inout\\index.php', 137)
 2 SYSTEMPATH\View\View.php(213): include('APPPATH\\Views\\admin\\inout\\index.php')
 3 SYSTEMPATH\View\View.php(216): CodeIgniter\View\View->CodeIgniter\View\{closure}()
 4 SYSTEMPATH\Common.php(1137): CodeIgniter\View\View->render('admin/inout/index', [], true)
 5 APPPATH\Controllers\Admin.php(166): view('admin/inout/index')
 6 SYSTEMPATH\CodeIgniter.php(904): App\Controllers\Admin->inout()
 7 SYSTEMPATH\CodeIgniter.php(457): CodeIgniter\CodeIgniter->runController(Object(App\Controllers\Admin))
 8 SYSTEMPATH\CodeIgniter.php(340): CodeIgniter\CodeIgniter->handleRequest(null, Object(Config\Cache), false)
 9 FCPATH\index.php(67): CodeIgniter\CodeIgniter->run()
10 SYSTEMPATH\Commands\Server\rewrite.php(43): require_once('FCPATH\\index.php')
CRITICAL - 2022-09-12 21:44:12 --> Undefined variable $row
in APPPATH\Views\admin\inout\index.php on line 137.
 1 APPPATH\Views\admin\inout\index.php(137): CodeIgniter\Debug\Exceptions->errorHandler(2, 'Undefined variable $row', 'APPPATH\\Views\\admin\\inout\\index.php', 137)
 2 SYSTEMPATH\View\View.php(213): include('APPPATH\\Views\\admin\\inout\\index.php')
 3 SYSTEMPATH\View\View.php(216): CodeIgniter\View\View->CodeIgniter\View\{closure}()
 4 SYSTEMPATH\Common.php(1137): CodeIgniter\View\View->render('admin/inout/index', [], true)
 5 APPPATH\Controllers\Admin.php(166): view('admin/inout/index')
 6 SYSTEMPATH\CodeIgniter.php(904): App\Controllers\Admin->inout()
 7 SYSTEMPATH\CodeIgniter.php(457): CodeIgniter\CodeIgniter->runController(Object(App\Controllers\Admin))
 8 SYSTEMPATH\CodeIgniter.php(340): CodeIgniter\CodeIgniter->handleRequest(null, Object(Config\Cache), false)
 9 FCPATH\index.php(67): CodeIgniter\CodeIgniter->run()
10 SYSTEMPATH\Commands\Server\rewrite.php(43): require_once('FCPATH\\index.php')
CRITICAL - 2022-09-12 21:44:12 --> Undefined variable $row
in APPPATH\Views\admin\inout\index.php on line 137.
 1 APPPATH\Views\admin\inout\index.php(137): CodeIgniter\Debug\Exceptions->errorHandler(2, 'Undefined variable $row', 'APPPATH\\Views\\admin\\inout\\index.php', 137)
 2 SYSTEMPATH\View\View.php(213): include('APPPATH\\Views\\admin\\inout\\index.php')
 3 SYSTEMPATH\View\View.php(216): CodeIgniter\View\View->CodeIgniter\View\{closure}()
 4 SYSTEMPATH\Common.php(1137): CodeIgniter\View\View->render('admin/inout/index', [], true)
 5 APPPATH\Controllers\Admin.php(166): view('admin/inout/index')
 6 SYSTEMPATH\CodeIgniter.php(904): App\Controllers\Admin->inout()
 7 SYSTEMPATH\CodeIgniter.php(457): CodeIgniter\CodeIgniter->runController(Object(App\Controllers\Admin))
 8 SYSTEMPATH\CodeIgniter.php(340): CodeIgniter\CodeIgniter->handleRequest(null, Object(Config\Cache), false)
 9 FCPATH\index.php(67): CodeIgniter\CodeIgniter->run()
10 SYSTEMPATH\Commands\Server\rewrite.php(43): require_once('FCPATH\\index.php')
CRITICAL - 2022-09-12 21:44:12 --> Undefined variable $row
in APPPATH\Views\admin\inout\index.php on line 137.
 1 APPPATH\Views\admin\inout\index.php(137): CodeIgniter\Debug\Exceptions->errorHandler(2, 'Undefined variable $row', 'APPPATH\\Views\\admin\\inout\\index.php', 137)
 2 SYSTEMPATH\View\View.php(213): include('APPPATH\\Views\\admin\\inout\\index.php')
 3 SYSTEMPATH\View\View.php(216): CodeIgniter\View\View->CodeIgniter\View\{closure}()
 4 SYSTEMPATH\Common.php(1137): CodeIgniter\View\View->render('admin/inout/index', [], true)
 5 APPPATH\Controllers\Admin.php(166): view('admin/inout/index')
 6 SYSTEMPATH\CodeIgniter.php(904): App\Controllers\Admin->inout()
 7 SYSTEMPATH\CodeIgniter.php(457): CodeIgniter\CodeIgniter->runController(Object(App\Controllers\Admin))
 8 SYSTEMPATH\CodeIgniter.php(340): CodeIgniter\CodeIgniter->handleRequest(null, Object(Config\Cache), false)
 9 FCPATH\index.php(67): CodeIgniter\CodeIgniter->run()
10 SYSTEMPATH\Commands\Server\rewrite.php(43): require_once('FCPATH\\index.php')
CRITICAL - 2022-09-12 21:46:40 --> Undefined variable $row
in APPPATH\Views\admin\inout\index.php on line 137.
 1 APPPATH\Views\admin\inout\index.php(137): CodeIgniter\Debug\Exceptions->errorHandler(2, 'Undefined variable $row', 'APPPATH\\Views\\admin\\inout\\index.php', 137)
 2 SYSTEMPATH\View\View.php(213): include('APPPATH\\Views\\admin\\inout\\index.php')
 3 SYSTEMPATH\View\View.php(216): CodeIgniter\View\View->CodeIgniter\View\{closure}()
 4 SYSTEMPATH\Common.php(1137): CodeIgniter\View\View->render('admin/inout/index', [], true)
 5 APPPATH\Controllers\Admin.php(166): view('admin/inout/index')
 6 SYSTEMPATH\CodeIgniter.php(904): App\Controllers\Admin->inout()
 7 SYSTEMPATH\CodeIgniter.php(457): CodeIgniter\CodeIgniter->runController(Object(App\Controllers\Admin))
 8 SYSTEMPATH\CodeIgniter.php(340): CodeIgniter\CodeIgniter->handleRequest(null, Object(Config\Cache), false)
 9 FCPATH\index.php(67): CodeIgniter\CodeIgniter->run()
10 SYSTEMPATH\Commands\Server\rewrite.php(43): require_once('FCPATH\\index.php')
CRITICAL - 2022-09-12 21:47:00 --> Undefined variable $row
in APPPATH\Views\admin\inout\index.php on line 137.
 1 APPPATH\Views\admin\inout\index.php(137): CodeIgniter\Debug\Exceptions->errorHandler(2, 'Undefined variable $row', 'APPPATH\\Views\\admin\\inout\\index.php', 137)
 2 SYSTEMPATH\View\View.php(213): include('APPPATH\\Views\\admin\\inout\\index.php')
 3 SYSTEMPATH\View\View.php(216): CodeIgniter\View\View->CodeIgniter\View\{closure}()
 4 SYSTEMPATH\Common.php(1137): CodeIgniter\View\View->render('admin/inout/index', [], true)
 5 APPPATH\Controllers\Admin.php(166): view('admin/inout/index')
 6 SYSTEMPATH\CodeIgniter.php(904): App\Controllers\Admin->inout()
 7 SYSTEMPATH\CodeIgniter.php(457): CodeIgniter\CodeIgniter->runController(Object(App\Controllers\Admin))
 8 SYSTEMPATH\CodeIgniter.php(340): CodeIgniter\CodeIgniter->handleRequest(null, Object(Config\Cache), false)
 9 FCPATH\index.php(67): CodeIgniter\CodeIgniter->run()
10 SYSTEMPATH\Commands\Server\rewrite.php(43): require_once('FCPATH\\index.php')
CRITICAL - 2022-09-12 22:28:57 --> Undefined variable $row
in APPPATH\Views\admin\inout\index.php on line 137.
 1 APPPATH\Views\admin\inout\index.php(137): CodeIgniter\Debug\Exceptions->errorHandler(2, 'Undefined variable $row', 'APPPATH\\Views\\admin\\inout\\index.php', 137)
 2 SYSTEMPATH\View\View.php(213): include('APPPATH\\Views\\admin\\inout\\index.php')
 3 SYSTEMPATH\View\View.php(216): CodeIgniter\View\View->CodeIgniter\View\{closure}()
 4 SYSTEMPATH\Common.php(1137): CodeIgniter\View\View->render('admin/inout/index', [], true)
 5 APPPATH\Controllers\Admin.php(166): view('admin/inout/index')
 6 SYSTEMPATH\CodeIgniter.php(904): App\Controllers\Admin->inout()
 7 SYSTEMPATH\CodeIgniter.php(457): CodeIgniter\CodeIgniter->runController(Object(App\Controllers\Admin))
 8 SYSTEMPATH\CodeIgniter.php(340): CodeIgniter\CodeIgniter->handleRequest(null, Object(Config\Cache), false)
 9 FCPATH\index.php(67): CodeIgniter\CodeIgniter->run()
10 SYSTEMPATH\Commands\Server\rewrite.php(43): require_once('FCPATH\\index.php')
CRITICAL - 2022-09-12 22:30:34 --> Undefined variable $row
in APPPATH\Views\admin\inout\index.php on line 137.
 1 APPPATH\Views\admin\inout\index.php(137): CodeIgniter\Debug\Exceptions->errorHandler(2, 'Undefined variable $row', 'APPPATH\\Views\\admin\\inout\\index.php', 137)
 2 SYSTEMPATH\View\View.php(213): include('APPPATH\\Views\\admin\\inout\\index.php')
 3 SYSTEMPATH\View\View.php(216): CodeIgniter\View\View->CodeIgniter\View\{closure}()
 4 SYSTEMPATH\Common.php(1137): CodeIgniter\View\View->render('admin/inout/index', [], true)
 5 APPPATH\Controllers\Admin.php(166): view('admin/inout/index')
 6 SYSTEMPATH\CodeIgniter.php(904): App\Controllers\Admin->inout()
 7 SYSTEMPATH\CodeIgniter.php(457): CodeIgniter\CodeIgniter->runController(Object(App\Controllers\Admin))
 8 SYSTEMPATH\CodeIgniter.php(340): CodeIgniter\CodeIgniter->handleRequest(null, Object(Config\Cache), false)
 9 FCPATH\index.php(67): CodeIgniter\CodeIgniter->run()
10 SYSTEMPATH\Commands\Server\rewrite.php(43): require_once('FCPATH\\index.php')
CRITICAL - 2022-09-12 23:15:50 --> Undefined variable $row
in APPPATH\Views\admin\inout\index.php on line 137.
 1 APPPATH\Views\admin\inout\index.php(137): CodeIgniter\Debug\Exceptions->errorHandler(2, 'Undefined variable $row', 'APPPATH\\Views\\admin\\inout\\index.php', 137)
 2 SYSTEMPATH\View\View.php(213): include('APPPATH\\Views\\admin\\inout\\index.php')
 3 SYSTEMPATH\View\View.php(216): CodeIgniter\View\View->CodeIgniter\View\{closure}()
 4 SYSTEMPATH\Common.php(1137): CodeIgniter\View\View->render('admin/inout/index', [], true)
 5 APPPATH\Controllers\Admin.php(166): view('admin/inout/index')
 6 SYSTEMPATH\CodeIgniter.php(904): App\Controllers\Admin->inout()
 7 SYSTEMPATH\CodeIgniter.php(457): CodeIgniter\CodeIgniter->runController(Object(App\Controllers\Admin))
 8 SYSTEMPATH\CodeIgniter.php(340): CodeIgniter\CodeIgniter->handleRequest(null, Object(Config\Cache), false)
 9 FCPATH\index.php(67): CodeIgniter\CodeIgniter->run()
10 SYSTEMPATH\Commands\Server\rewrite.php(43): require_once('FCPATH\\index.php')
CRITICAL - 2022-09-12 23:21:12 --> Undefined variable $row
in APPPATH\Views\admin\inout\index.php on line 137.
 1 APPPATH\Views\admin\inout\index.php(137): CodeIgniter\Debug\Exceptions->errorHandler(2, 'Undefined variable $row', 'APPPATH\\Views\\admin\\inout\\index.php', 137)
 2 SYSTEMPATH\View\View.php(213): include('APPPATH\\Views\\admin\\inout\\index.php')
 3 SYSTEMPATH\View\View.php(216): CodeIgniter\View\View->CodeIgniter\View\{closure}()
 4 SYSTEMPATH\Common.php(1137): CodeIgniter\View\View->render('admin/inout/index', [], true)
 5 APPPATH\Controllers\Admin.php(166): view('admin/inout/index')
 6 SYSTEMPATH\CodeIgniter.php(904): App\Controllers\Admin->inout()
 7 SYSTEMPATH\CodeIgniter.php(457): CodeIgniter\CodeIgniter->runController(Object(App\Controllers\Admin))
 8 SYSTEMPATH\CodeIgniter.php(340): CodeIgniter\CodeIgniter->handleRequest(null, Object(Config\Cache), false)
 9 FCPATH\index.php(67): CodeIgniter\CodeIgniter->run()
10 SYSTEMPATH\Commands\Server\rewrite.php(43): require_once('FCPATH\\index.php')
CRITICAL - 2022-09-12 23:23:19 --> Undefined variable $user
in APPPATH\Views\admin\inout\index.php on line 126.
 1 APPPATH\Views\admin\inout\index.php(126): CodeIgniter\Debug\Exceptions->errorHandler(2, 'Undefined variable $user', 'APPPATH\\Views\\admin\\inout\\index.php', 126)
 2 SYSTEMPATH\View\View.php(213): include('APPPATH\\Views\\admin\\inout\\index.php')
 3 SYSTEMPATH\View\View.php(216): CodeIgniter\View\View->CodeIgniter\View\{closure}()
 4 SYSTEMPATH\Common.php(1137): CodeIgniter\View\View->render('admin/inout/index', [], true)
 5 APPPATH\Controllers\Admin.php(166): view('admin/inout/index')
 6 SYSTEMPATH\CodeIgniter.php(904): App\Controllers\Admin->inout()
 7 SYSTEMPATH\CodeIgniter.php(457): CodeIgniter\CodeIgniter->runController(Object(App\Controllers\Admin))
 8 SYSTEMPATH\CodeIgniter.php(340): CodeIgniter\CodeIgniter->handleRequest(null, Object(Config\Cache), false)
 9 FCPATH\index.php(67): CodeIgniter\CodeIgniter->run()
10 SYSTEMPATH\Commands\Server\rewrite.php(43): require_once('FCPATH\\index.php')
CRITICAL - 2022-09-12 23:26:05 --> Undefined variable $row
in APPPATH\Views\admin\inout\index.php on line 137.
 1 APPPATH\Views\admin\inout\index.php(137): CodeIgniter\Debug\Exceptions->errorHandler(2, 'Undefined variable $row', 'APPPATH\\Views\\admin\\inout\\index.php', 137)
 2 SYSTEMPATH\View\View.php(213): include('APPPATH\\Views\\admin\\inout\\index.php')
 3 SYSTEMPATH\View\View.php(216): CodeIgniter\View\View->CodeIgniter\View\{closure}()
 4 SYSTEMPATH\Common.php(1137): CodeIgniter\View\View->render('admin/inout/index', [], true)
 5 APPPATH\Controllers\Inout.php(25): view('admin/inout/index', [...])
 6 SYSTEMPATH\CodeIgniter.php(904): App\Controllers\Inout->index()
 7 SYSTEMPATH\CodeIgniter.php(457): CodeIgniter\CodeIgniter->runController(Object(App\Controllers\Inout))
 8 SYSTEMPATH\CodeIgniter.php(340): CodeIgniter\CodeIgniter->handleRequest(null, Object(Config\Cache), false)
 9 FCPATH\index.php(67): CodeIgniter\CodeIgniter->run()
10 SYSTEMPATH\Commands\Server\rewrite.php(43): require_once('FCPATH\\index.php')
CRITICAL - 2022-09-12 23:26:24 --> Undefined variable $row
in APPPATH\Views\admin\inout\index.php on line 137.
 1 APPPATH\Views\admin\inout\index.php(137): CodeIgniter\Debug\Exceptions->errorHandler(2, 'Undefined variable $row', 'APPPATH\\Views\\admin\\inout\\index.php', 137)
 2 SYSTEMPATH\View\View.php(213): include('APPPATH\\Views\\admin\\inout\\index.php')
 3 SYSTEMPATH\View\View.php(216): CodeIgniter\View\View->CodeIgniter\View\{closure}()
 4 SYSTEMPATH\Common.php(1137): CodeIgniter\View\View->render('admin/inout/index', [], true)
 5 APPPATH\Controllers\Inout.php(25): view('admin/inout/index', [...])
 6 SYSTEMPATH\CodeIgniter.php(904): App\Controllers\Inout->index()
 7 SYSTEMPATH\CodeIgniter.php(457): CodeIgniter\CodeIgniter->runController(Object(App\Controllers\Inout))
 8 SYSTEMPATH\CodeIgniter.php(340): CodeIgniter\CodeIgniter->handleRequest(null, Object(Config\Cache), false)
 9 FCPATH\index.php(67): CodeIgniter\CodeIgniter->run()
10 SYSTEMPATH\Commands\Server\rewrite.php(43): require_once('FCPATH\\index.php')
CRITICAL - 2022-09-12 23:26:31 --> Undefined variable $row
in APPPATH\Views\admin\inout\index.php on line 137.
 1 APPPATH\Views\admin\inout\index.php(137): CodeIgniter\Debug\Exceptions->errorHandler(2, 'Undefined variable $row', 'APPPATH\\Views\\admin\\inout\\index.php', 137)
 2 SYSTEMPATH\View\View.php(213): include('APPPATH\\Views\\admin\\inout\\index.php')
 3 SYSTEMPATH\View\View.php(216): CodeIgniter\View\View->CodeIgniter\View\{closure}()
 4 SYSTEMPATH\Common.php(1137): CodeIgniter\View\View->render('admin/inout/index', [], true)
 5 APPPATH\Controllers\Inout.php(25): view('admin/inout/index', [...])
 6 SYSTEMPATH\CodeIgniter.php(904): App\Controllers\Inout->index()
 7 SYSTEMPATH\CodeIgniter.php(457): CodeIgniter\CodeIgniter->runController(Object(App\Controllers\Inout))
 8 SYSTEMPATH\CodeIgniter.php(340): CodeIgniter\CodeIgniter->handleRequest(null, Object(Config\Cache), false)
 9 FCPATH\index.php(67): CodeIgniter\CodeIgniter->run()
10 SYSTEMPATH\Commands\Server\rewrite.php(43): require_once('FCPATH\\index.php')
CRITICAL - 2022-09-12 23:49:30 --> Undefined variable $row
in APPPATH\Views\admin\inout\index.php on line 137.
 1 APPPATH\Views\admin\inout\index.php(137): CodeIgniter\Debug\Exceptions->errorHandler(2, 'Undefined variable $row', 'APPPATH\\Views\\admin\\inout\\index.php', 137)
 2 SYSTEMPATH\View\View.php(213): include('APPPATH\\Views\\admin\\inout\\index.php')
 3 SYSTEMPATH\View\View.php(216): CodeIgniter\View\View->CodeIgniter\View\{closure}()
 4 SYSTEMPATH\Common.php(1137): CodeIgniter\View\View->render('admin/inout/index', [], true)
 5 APPPATH\Controllers\Inout.php(25): view('admin/inout/index', [...])
 6 SYSTEMPATH\CodeIgniter.php(904): App\Controllers\Inout->index()
 7 SYSTEMPATH\CodeIgniter.php(457): CodeIgniter\CodeIgniter->runController(Object(App\Controllers\Inout))
 8 SYSTEMPATH\CodeIgniter.php(340): CodeIgniter\CodeIgniter->handleRequest(null, Object(Config\Cache), false)
 9 FCPATH\index.php(67): CodeIgniter\CodeIgniter->run()
10 SYSTEMPATH\Commands\Server\rewrite.php(43): require_once('FCPATH\\index.php')
