CRITICAL - 2022-09-11 10:29:08 --> syntax error, unexpected variable "$routes"
in APPPATH\Config\Routes.php on line 51.
 1 SYSTEMPATH\CodeIgniter.php(406): CodeIgniter\CodeIgniter->tryToRouteIt(null)
 2 SYSTEMPATH\CodeIgniter.php(340): CodeIgniter\CodeIgniter->handleRequest(null, Object(Config\Cache), false)
 3 FCPATH\index.php(67): CodeIgniter\CodeIgniter->run()
 4 SYSTEMPATH\Commands\Server\rewrite.php(43): require_once('FCPATH\\index.php')
CRITICAL - 2022-09-11 10:32:16 --> Undefined variable $data
in APPPATH\Controllers\Admin.php on line 123.
 1 APPPATH\Controllers\Admin.php(123): CodeIgniter\Debug\Exceptions->errorHandler(2, 'Undefined variable $data', 'APPPATH\\Controllers\\Admin.php', 123)
 2 SYSTEMPATH\CodeIgniter.php(904): App\Controllers\Admin->inout()
 3 SYSTEMPATH\CodeIgniter.php(457): CodeIgniter\CodeIgniter->runController(Object(App\Controllers\Admin))
 4 SYSTEMPATH\CodeIgniter.php(340): CodeIgniter\CodeIgniter->handleRequest(null, Object(Config\Cache), false)
 5 FCPATH\index.php(67): CodeIgniter\CodeIgniter->run()
 6 SYSTEMPATH\Commands\Server\rewrite.php(43): require_once('FCPATH\\index.php')
CRITICAL - 2022-09-11 10:34:19 --> Undefined variable $buku
in APPPATH\Views\admin\inout\index.php on line 145.
 1 APPPATH\Views\admin\inout\index.php(145): CodeIgniter\Debug\Exceptions->errorHandler(2, 'Undefined variable $buku', 'APPPATH\\Views\\admin\\inout\\index.php', 145)
 2 SYSTEMPATH\View\View.php(213): include('APPPATH\\Views\\admin\\inout\\index.php')
 3 SYSTEMPATH\View\View.php(216): CodeIgniter\View\View->CodeIgniter\View\{closure}()
 4 SYSTEMPATH\Common.php(1137): CodeIgniter\View\View->render('admin/inout/index', [], true)
 5 APPPATH\Controllers\Admin.php(123): view('admin/inout/index')
 6 SYSTEMPATH\CodeIgniter.php(904): App\Controllers\Admin->inout()
 7 SYSTEMPATH\CodeIgniter.php(457): CodeIgniter\CodeIgniter->runController(Object(App\Controllers\Admin))
 8 SYSTEMPATH\CodeIgniter.php(340): CodeIgniter\CodeIgniter->handleRequest(null, Object(Config\Cache), false)
 9 FCPATH\index.php(67): CodeIgniter\CodeIgniter->run()
10 SYSTEMPATH\Commands\Server\rewrite.php(43): require_once('FCPATH\\index.php')
