CRITICAL - 2022-09-16 07:28:31 --> Undefined constant "App\Models\dipinjam"
in APPPATH\Models\InoutModel.php on line 34.
 1 APPPATH\Controllers\Admin.php(28): App\Models\InoutModel->hitungInout()
 2 SYSTEMPATH\CodeIgniter.php(904): App\Controllers\Admin->index()
 3 SYSTEMPATH\CodeIgniter.php(457): CodeIgniter\CodeIgniter->runController(Object(App\Controllers\Admin))
 4 SYSTEMPATH\CodeIgniter.php(340): CodeIgniter\CodeIgniter->handleRequest(null, Object(Config\Cache), false)
 5 FCPATH\index.php(67): CodeIgniter\CodeIgniter->run()
 6 SYSTEMPATH\Commands\Server\rewrite.php(43): require_once('FCPATH\\index.php')
CRITICAL - 2022-09-16 07:29:01 --> Undefined constant "App\Models\dipinjam"
in APPPATH\Models\InoutModel.php on line 34.
 1 APPPATH\Controllers\Admin.php(28): App\Models\InoutModel->hitungInout()
 2 SYSTEMPATH\CodeIgniter.php(904): App\Controllers\Admin->index()
 3 SYSTEMPATH\CodeIgniter.php(457): CodeIgniter\CodeIgniter->runController(Object(App\Controllers\Admin))
 4 SYSTEMPATH\CodeIgniter.php(340): CodeIgniter\CodeIgniter->handleRequest(null, Object(Config\Cache), false)
 5 FCPATH\index.php(67): CodeIgniter\CodeIgniter->run()
 6 SYSTEMPATH\Commands\Server\rewrite.php(43): require_once('FCPATH\\index.php')
CRITICAL - 2022-09-16 07:29:14 --> Array to string conversion
in APPPATH\Views\admin\index.php on line 220.
 1 APPPATH\Views\admin\index.php(220): CodeIgniter\Debug\Exceptions->errorHandler(2, 'Array to string conversion', 'APPPATH\\Views\\admin\\index.php', 220)
 2 SYSTEMPATH\View\View.php(213): include('APPPATH\\Views\\admin\\index.php')
 3 SYSTEMPATH\View\View.php(216): CodeIgniter\View\View->CodeIgniter\View\{closure}()
 4 SYSTEMPATH\Common.php(1137): CodeIgniter\View\View->render('admin/index', [], true)
 5 APPPATH\Controllers\Admin.php(36): view('admin/index', [...])
 6 SYSTEMPATH\CodeIgniter.php(904): App\Controllers\Admin->index()
 7 SYSTEMPATH\CodeIgniter.php(457): CodeIgniter\CodeIgniter->runController(Object(App\Controllers\Admin))
 8 SYSTEMPATH\CodeIgniter.php(340): CodeIgniter\CodeIgniter->handleRequest(null, Object(Config\Cache), false)
 9 FCPATH\index.php(67): CodeIgniter\CodeIgniter->run()
10 SYSTEMPATH\Commands\Server\rewrite.php(43): require_once('FCPATH\\index.php')
ERROR - 2022-09-16 08:42:39 --> mysqli_sql_exception: Table 'booklen.inout' doesn't exist in E:\xampp\htdocs\booklen\system\Database\MySQLi\Connection.php:292
Stack trace:
#0 E:\xampp\htdocs\booklen\system\Database\MySQLi\Connection.php(292): mysqli->query('SELECT 1\nFROM `...', 0)
#1 E:\xampp\htdocs\booklen\system\Database\BaseConnection.php(693): CodeIgniter\Database\MySQLi\Connection->execute('SELECT 1\nFROM `...')
#2 E:\xampp\htdocs\booklen\system\Database\BaseConnection.php(620): CodeIgniter\Database\BaseConnection->simpleQuery('SELECT 1\nFROM `...')
#3 E:\xampp\htdocs\booklen\system\Database\BaseBuilder.php(1585): CodeIgniter\Database\BaseConnection->query('SELECT 1\nFROM `...', Array, false)
#4 E:\xampp\htdocs\booklen\system\Validation\Rules.php(142): CodeIgniter\Database\BaseBuilder->get()
#5 E:\xampp\htdocs\booklen\system\Validation\Validation.php(308): CodeIgniter\Validation\Rules->is_unique('sasa', 'namaBuku', Array, NULL)
#6 E:\xampp\htdocs\booklen\system\Validation\Validation.php(175): CodeIgniter\Validation\Validation->processRules('namaUser', 'namaUser', 'sasa', Array, Array)
#7 E:\xampp\htdocs\booklen\system\Controller.php(140): CodeIgniter\Validation\Validation->run()
#8 E:\xampp\htdocs\booklen\app\Controllers\Inout.php(34): CodeIgniter\Controller->validate(Array)
#9 E:\xampp\htdocs\booklen\system\CodeIgniter.php(904): App\Controllers\Inout->save()
#10 E:\xampp\htdocs\booklen\system\CodeIgniter.php(457): CodeIgniter\CodeIgniter->runController(Object(App\Controllers\Inout))
#11 E:\xampp\htdocs\booklen\system\CodeIgniter.php(340): CodeIgniter\CodeIgniter->handleRequest(NULL, Object(Config\Cache), false)
#12 E:\xampp\htdocs\booklen\public\index.php(67): CodeIgniter\CodeIgniter->run()
#13 E:\xampp\htdocs\booklen\system\Commands\Server\rewrite.php(43): require_once('E:\\xampp\\htdocs...')
#14 {main}
CRITICAL - 2022-09-16 08:42:39 --> Table 'booklen.inout' doesn't exist
in SYSTEMPATH\Database\MySQLi\Connection.php on line 292.
 1 SYSTEMPATH\Database\MySQLi\Connection.php(292): mysqli->query('SELECT 1
FROM `inout`
WHERE `namaBuku` = \'sasa\'
 LIMIT 1', 0)
 2 SYSTEMPATH\Database\BaseConnection.php(693): CodeIgniter\Database\MySQLi\Connection->execute('SELECT 1
FROM `inout`
WHERE `namaBuku` = \'sasa\'
 LIMIT 1')
 3 SYSTEMPATH\Database\BaseConnection.php(620): CodeIgniter\Database\BaseConnection->simpleQuery('SELECT 1
FROM `inout`
WHERE `namaBuku` = \'sasa\'
 LIMIT 1')
 4 SYSTEMPATH\Database\BaseBuilder.php(1585): CodeIgniter\Database\BaseConnection->query('SELECT 1
FROM `inout`
WHERE `namaBuku` = :namaBuku:
 LIMIT 1', [...], false)
 5 SYSTEMPATH\Validation\Rules.php(142): CodeIgniter\Database\BaseBuilder->get()
 6 SYSTEMPATH\Validation\Validation.php(308): CodeIgniter\Validation\Rules->is_unique('sasa', 'namaBuku', [...], null)
 7 SYSTEMPATH\Validation\Validation.php(175): CodeIgniter\Validation\Validation->processRules('namaUser', 'namaUser', 'sasa', [...], [...])
 8 SYSTEMPATH\Controller.php(140): CodeIgniter\Validation\Validation->run()
 9 APPPATH\Controllers\Inout.php(34): CodeIgniter\Controller->validate([...])
10 SYSTEMPATH\CodeIgniter.php(904): App\Controllers\Inout->save()
11 SYSTEMPATH\CodeIgniter.php(457): CodeIgniter\CodeIgniter->runController(Object(App\Controllers\Inout))
12 SYSTEMPATH\CodeIgniter.php(340): CodeIgniter\CodeIgniter->handleRequest(null, Object(Config\Cache), false)
13 FCPATH\index.php(67): CodeIgniter\CodeIgniter->run()
14 SYSTEMPATH\Commands\Server\rewrite.php(43): require_once('FCPATH\\index.php')
CRITICAL - 2022-09-16 08:43:58 --> Call to undefined method CodeIgniter\HTTP\IncomingRequest::getdate()
in APPPATH\Controllers\Inout.php on line 53.
 1 SYSTEMPATH\CodeIgniter.php(904): App\Controllers\Inout->save()
 2 SYSTEMPATH\CodeIgniter.php(457): CodeIgniter\CodeIgniter->runController(Object(App\Controllers\Inout))
 3 SYSTEMPATH\CodeIgniter.php(340): CodeIgniter\CodeIgniter->handleRequest(null, Object(Config\Cache), false)
 4 FCPATH\index.php(67): CodeIgniter\CodeIgniter->run()
 5 SYSTEMPATH\Commands\Server\rewrite.php(43): require_once('FCPATH\\index.php')
CRITICAL - 2022-09-16 08:44:39 --> Call to undefined method CodeIgniter\HTTP\IncomingRequest::getDate()
in APPPATH\Controllers\Inout.php on line 53.
 1 SYSTEMPATH\CodeIgniter.php(904): App\Controllers\Inout->save()
 2 SYSTEMPATH\CodeIgniter.php(457): CodeIgniter\CodeIgniter->runController(Object(App\Controllers\Inout))
 3 SYSTEMPATH\CodeIgniter.php(340): CodeIgniter\CodeIgniter->handleRequest(null, Object(Config\Cache), false)
 4 FCPATH\index.php(67): CodeIgniter\CodeIgniter->run()
 5 SYSTEMPATH\Commands\Server\rewrite.php(43): require_once('FCPATH\\index.php')
CRITICAL - 2022-09-16 08:44:58 --> Call to undefined method App\Models\InoutModel::saveInout
in SYSTEMPATH\Model.php on line 773.
 1 APPPATH\Controllers\Inout.php(55): CodeIgniter\Model->__call('saveInout', [...])
 2 SYSTEMPATH\CodeIgniter.php(904): App\Controllers\Inout->save()
 3 SYSTEMPATH\CodeIgniter.php(457): CodeIgniter\CodeIgniter->runController(Object(App\Controllers\Inout))
 4 SYSTEMPATH\CodeIgniter.php(340): CodeIgniter\CodeIgniter->handleRequest(null, Object(Config\Cache), false)
 5 FCPATH\index.php(67): CodeIgniter\CodeIgniter->run()
 6 SYSTEMPATH\Commands\Server\rewrite.php(43): require_once('FCPATH\\index.php')
ERROR - 2022-09-16 08:47:01 --> mysqli_sql_exception: Column 'idPinjam' cannot be null in E:\xampp\htdocs\booklen\system\Database\MySQLi\Connection.php:292
Stack trace:
#0 E:\xampp\htdocs\booklen\system\Database\MySQLi\Connection.php(292): mysqli->query('INSERT INTO `ke...', 0)
#1 E:\xampp\htdocs\booklen\system\Database\BaseConnection.php(693): CodeIgniter\Database\MySQLi\Connection->execute('INSERT INTO `ke...')
#2 E:\xampp\htdocs\booklen\system\Database\BaseConnection.php(620): CodeIgniter\Database\BaseConnection->simpleQuery('INSERT INTO `ke...')
#3 E:\xampp\htdocs\booklen\system\Database\BaseBuilder.php(1916): CodeIgniter\Database\BaseConnection->query('INSERT INTO `ke...', Array, false)
#4 E:\xampp\htdocs\booklen\app\Models\InoutModel.php(15): CodeIgniter\Database\BaseBuilder->insert(Array)
#5 E:\xampp\htdocs\booklen\app\Controllers\Inout.php(55): App\Models\InoutModel->savePinjam(Array)
#6 E:\xampp\htdocs\booklen\system\CodeIgniter.php(904): App\Controllers\Inout->save()
#7 E:\xampp\htdocs\booklen\system\CodeIgniter.php(457): CodeIgniter\CodeIgniter->runController(Object(App\Controllers\Inout))
#8 E:\xampp\htdocs\booklen\system\CodeIgniter.php(340): CodeIgniter\CodeIgniter->handleRequest(NULL, Object(Config\Cache), false)
#9 E:\xampp\htdocs\booklen\public\index.php(67): CodeIgniter\CodeIgniter->run()
#10 E:\xampp\htdocs\booklen\system\Commands\Server\rewrite.php(43): require_once('E:\\xampp\\htdocs...')
#11 {main}
CRITICAL - 2022-09-16 08:47:01 --> Column 'idPinjam' cannot be null
in SYSTEMPATH\Database\MySQLi\Connection.php on line 292.
 1 SYSTEMPATH\Database\MySQLi\Connection.php(292): mysqli->query('INSERT INTO `kelmas` (`idPinjam`, `namaBuku`, `namaUser`, `tgl_pinjam`, `tgl_kembali`) VALUES (NULL, \'Cerita Batu Putih\', \'sasa\', \'2022-09-16 08:47:01\', NULL)', 0)
 2 SYSTEMPATH\Database\BaseConnection.php(693): CodeIgniter\Database\MySQLi\Connection->execute('INSERT INTO `kelmas` (`idPinjam`, `namaBuku`, `namaUser`, `tgl_pinjam`, `tgl_kembali`) VALUES (NULL, \'Cerita Batu Putih\', \'sasa\', \'2022-09-16 08:47:01\', NULL)')
 3 SYSTEMPATH\Database\BaseConnection.php(620): CodeIgniter\Database\BaseConnection->simpleQuery('INSERT INTO `kelmas` (`idPinjam`, `namaBuku`, `namaUser`, `tgl_pinjam`, `tgl_kembali`) VALUES (NULL, \'Cerita Batu Putih\', \'sasa\', \'2022-09-16 08:47:01\', NULL)')
 4 SYSTEMPATH\Database\BaseBuilder.php(1916): CodeIgniter\Database\BaseConnection->query('INSERT INTO `kelmas` (`idPinjam`, `namaBuku`, `namaUser`, `tgl_pinjam`, `tgl_kembali`) VALUES (:idPinjam:, :namaBuku:, :namaUser:, :tgl_pinjam:, :tgl_kembali:)', [...], false)
 5 APPPATH\Models\InoutModel.php(15): CodeIgniter\Database\BaseBuilder->insert([...])
 6 APPPATH\Controllers\Inout.php(55): App\Models\InoutModel->savePinjam([...])
 7 SYSTEMPATH\CodeIgniter.php(904): App\Controllers\Inout->save()
 8 SYSTEMPATH\CodeIgniter.php(457): CodeIgniter\CodeIgniter->runController(Object(App\Controllers\Inout))
 9 SYSTEMPATH\CodeIgniter.php(340): CodeIgniter\CodeIgniter->handleRequest(null, Object(Config\Cache), false)
10 FCPATH\index.php(67): CodeIgniter\CodeIgniter->run()
11 SYSTEMPATH\Commands\Server\rewrite.php(43): require_once('FCPATH\\index.php')
ERROR - 2022-09-16 08:47:56 --> mysqli_sql_exception: Column 'idPinjam' cannot be null in E:\xampp\htdocs\booklen\system\Database\MySQLi\Connection.php:292
Stack trace:
#0 E:\xampp\htdocs\booklen\system\Database\MySQLi\Connection.php(292): mysqli->query('INSERT INTO `ke...', 0)
#1 E:\xampp\htdocs\booklen\system\Database\BaseConnection.php(693): CodeIgniter\Database\MySQLi\Connection->execute('INSERT INTO `ke...')
#2 E:\xampp\htdocs\booklen\system\Database\BaseConnection.php(620): CodeIgniter\Database\BaseConnection->simpleQuery('INSERT INTO `ke...')
#3 E:\xampp\htdocs\booklen\system\Database\BaseBuilder.php(1916): CodeIgniter\Database\BaseConnection->query('INSERT INTO `ke...', Array, false)
#4 E:\xampp\htdocs\booklen\app\Models\InoutModel.php(15): CodeIgniter\Database\BaseBuilder->insert(Array)
#5 E:\xampp\htdocs\booklen\app\Controllers\Inout.php(55): App\Models\InoutModel->savePinjam(Array)
#6 E:\xampp\htdocs\booklen\system\CodeIgniter.php(904): App\Controllers\Inout->save()
#7 E:\xampp\htdocs\booklen\system\CodeIgniter.php(457): CodeIgniter\CodeIgniter->runController(Object(App\Controllers\Inout))
#8 E:\xampp\htdocs\booklen\system\CodeIgniter.php(340): CodeIgniter\CodeIgniter->handleRequest(NULL, Object(Config\Cache), false)
#9 E:\xampp\htdocs\booklen\public\index.php(67): CodeIgniter\CodeIgniter->run()
#10 E:\xampp\htdocs\booklen\system\Commands\Server\rewrite.php(43): require_once('E:\\xampp\\htdocs...')
#11 {main}
CRITICAL - 2022-09-16 08:47:56 --> Column 'idPinjam' cannot be null
in SYSTEMPATH\Database\MySQLi\Connection.php on line 292.
 1 SYSTEMPATH\Database\MySQLi\Connection.php(292): mysqli->query('INSERT INTO `kelmas` (`idPinjam`, `namaBuku`, `namaUser`, `tgl_pinjam`, `tgl_kembali`) VALUES (NULL, \'Cerita Batu Putih\', \'sasa\', \'2022-09-16 08:47:56\', NULL)', 0)
 2 SYSTEMPATH\Database\BaseConnection.php(693): CodeIgniter\Database\MySQLi\Connection->execute('INSERT INTO `kelmas` (`idPinjam`, `namaBuku`, `namaUser`, `tgl_pinjam`, `tgl_kembali`) VALUES (NULL, \'Cerita Batu Putih\', \'sasa\', \'2022-09-16 08:47:56\', NULL)')
 3 SYSTEMPATH\Database\BaseConnection.php(620): CodeIgniter\Database\BaseConnection->simpleQuery('INSERT INTO `kelmas` (`idPinjam`, `namaBuku`, `namaUser`, `tgl_pinjam`, `tgl_kembali`) VALUES (NULL, \'Cerita Batu Putih\', \'sasa\', \'2022-09-16 08:47:56\', NULL)')
 4 SYSTEMPATH\Database\BaseBuilder.php(1916): CodeIgniter\Database\BaseConnection->query('INSERT INTO `kelmas` (`idPinjam`, `namaBuku`, `namaUser`, `tgl_pinjam`, `tgl_kembali`) VALUES (:idPinjam:, :namaBuku:, :namaUser:, :tgl_pinjam:, :tgl_kembali:)', [...], false)
 5 APPPATH\Models\InoutModel.php(15): CodeIgniter\Database\BaseBuilder->insert([...])
 6 APPPATH\Controllers\Inout.php(55): App\Models\InoutModel->savePinjam([...])
 7 SYSTEMPATH\CodeIgniter.php(904): App\Controllers\Inout->save()
 8 SYSTEMPATH\CodeIgniter.php(457): CodeIgniter\CodeIgniter->runController(Object(App\Controllers\Inout))
 9 SYSTEMPATH\CodeIgniter.php(340): CodeIgniter\CodeIgniter->handleRequest(null, Object(Config\Cache), false)
10 FCPATH\index.php(67): CodeIgniter\CodeIgniter->run()
11 SYSTEMPATH\Commands\Server\rewrite.php(43): require_once('FCPATH\\index.php')
ERROR - 2022-09-16 08:50:20 --> mysqli_sql_exception: Column 'tgl_kembali' cannot be null in E:\xampp\htdocs\booklen\system\Database\MySQLi\Connection.php:292
Stack trace:
#0 E:\xampp\htdocs\booklen\system\Database\MySQLi\Connection.php(292): mysqli->query('INSERT INTO `ke...', 0)
#1 E:\xampp\htdocs\booklen\system\Database\BaseConnection.php(693): CodeIgniter\Database\MySQLi\Connection->execute('INSERT INTO `ke...')
#2 E:\xampp\htdocs\booklen\system\Database\BaseConnection.php(620): CodeIgniter\Database\BaseConnection->simpleQuery('INSERT INTO `ke...')
#3 E:\xampp\htdocs\booklen\system\Database\BaseBuilder.php(1916): CodeIgniter\Database\BaseConnection->query('INSERT INTO `ke...', Array, false)
#4 E:\xampp\htdocs\booklen\app\Models\InoutModel.php(15): CodeIgniter\Database\BaseBuilder->insert(Array)
#5 E:\xampp\htdocs\booklen\app\Controllers\Inout.php(55): App\Models\InoutModel->savePinjam(Array)
#6 E:\xampp\htdocs\booklen\system\CodeIgniter.php(904): App\Controllers\Inout->save()
#7 E:\xampp\htdocs\booklen\system\CodeIgniter.php(457): CodeIgniter\CodeIgniter->runController(Object(App\Controllers\Inout))
#8 E:\xampp\htdocs\booklen\system\CodeIgniter.php(340): CodeIgniter\CodeIgniter->handleRequest(NULL, Object(Config\Cache), false)
#9 E:\xampp\htdocs\booklen\public\index.php(67): CodeIgniter\CodeIgniter->run()
#10 E:\xampp\htdocs\booklen\system\Commands\Server\rewrite.php(43): require_once('E:\\xampp\\htdocs...')
#11 {main}
CRITICAL - 2022-09-16 08:50:20 --> Column 'tgl_kembali' cannot be null
in SYSTEMPATH\Database\MySQLi\Connection.php on line 292.
 1 SYSTEMPATH\Database\MySQLi\Connection.php(292): mysqli->query('INSERT INTO `kelmas` (`idPinjam`, `namaBuku`, `namaUser`, `tgl_pinjam`, `tgl_kembali`) VALUES (\'PJM-098\', \'Tetap Semangat\', \'sasa\', \'2022-09-16 08:50:20\', NULL)', 0)
 2 SYSTEMPATH\Database\BaseConnection.php(693): CodeIgniter\Database\MySQLi\Connection->execute('INSERT INTO `kelmas` (`idPinjam`, `namaBuku`, `namaUser`, `tgl_pinjam`, `tgl_kembali`) VALUES (\'PJM-098\', \'Tetap Semangat\', \'sasa\', \'2022-09-16 08:50:20\', NULL)')
 3 SYSTEMPATH\Database\BaseConnection.php(620): CodeIgniter\Database\BaseConnection->simpleQuery('INSERT INTO `kelmas` (`idPinjam`, `namaBuku`, `namaUser`, `tgl_pinjam`, `tgl_kembali`) VALUES (\'PJM-098\', \'Tetap Semangat\', \'sasa\', \'2022-09-16 08:50:20\', NULL)')
 4 SYSTEMPATH\Database\BaseBuilder.php(1916): CodeIgniter\Database\BaseConnection->query('INSERT INTO `kelmas` (`idPinjam`, `namaBuku`, `namaUser`, `tgl_pinjam`, `tgl_kembali`) VALUES (:idPinjam:, :namaBuku:, :namaUser:, :tgl_pinjam:, :tgl_kembali:)', [...], false)
 5 APPPATH\Models\InoutModel.php(15): CodeIgniter\Database\BaseBuilder->insert([...])
 6 APPPATH\Controllers\Inout.php(55): App\Models\InoutModel->savePinjam([...])
 7 SYSTEMPATH\CodeIgniter.php(904): App\Controllers\Inout->save()
 8 SYSTEMPATH\CodeIgniter.php(457): CodeIgniter\CodeIgniter->runController(Object(App\Controllers\Inout))
 9 SYSTEMPATH\CodeIgniter.php(340): CodeIgniter\CodeIgniter->handleRequest(null, Object(Config\Cache), false)
10 FCPATH\index.php(67): CodeIgniter\CodeIgniter->run()
11 SYSTEMPATH\Commands\Server\rewrite.php(43): require_once('FCPATH\\index.php')
CRITICAL - 2022-09-16 08:51:08 --> Call to undefined method CodeIgniter\HTTP\IncomingRequest::getdate()
in APPPATH\Controllers\Inout.php on line 53.
 1 SYSTEMPATH\CodeIgniter.php(904): App\Controllers\Inout->save()
 2 SYSTEMPATH\CodeIgniter.php(457): CodeIgniter\CodeIgniter->runController(Object(App\Controllers\Inout))
 3 SYSTEMPATH\CodeIgniter.php(340): CodeIgniter\CodeIgniter->handleRequest(null, Object(Config\Cache), false)
 4 FCPATH\index.php(67): CodeIgniter\CodeIgniter->run()
 5 SYSTEMPATH\Commands\Server\rewrite.php(43): require_once('FCPATH\\index.php')
CRITICAL - 2022-09-16 08:52:16 --> Call to undefined method CodeIgniter\HTTP\IncomingRequest::getDate()
in APPPATH\Controllers\Inout.php on line 53.
 1 SYSTEMPATH\CodeIgniter.php(904): App\Controllers\Inout->save()
 2 SYSTEMPATH\CodeIgniter.php(457): CodeIgniter\CodeIgniter->runController(Object(App\Controllers\Inout))
 3 SYSTEMPATH\CodeIgniter.php(340): CodeIgniter\CodeIgniter->handleRequest(null, Object(Config\Cache), false)
 4 FCPATH\index.php(67): CodeIgniter\CodeIgniter->run()
 5 SYSTEMPATH\Commands\Server\rewrite.php(43): require_once('FCPATH\\index.php')
