CRITICAL - 2022-09-13 00:33:35 --> Undefined variable $row
in APPPATH\Views\admin\inout\index.php on line 137.
 1 APPPATH\Views\admin\inout\index.php(137): CodeIgniter\Debug\Exceptions->errorHandler(2, 'Undefined variable $row', 'APPPATH\\Views\\admin\\inout\\index.php', 137)
 2 SYSTEMPATH\View\View.php(213): include('APPPATH\\Views\\admin\\inout\\index.php')
 3 SYSTEMPATH\View\View.php(216): CodeIgniter\View\View->CodeIgniter\View\{closure}()
 4 SYSTEMPATH\Common.php(1137): CodeIgniter\View\View->render('admin/inout/index', [], true)
 5 APPPATH\Controllers\Inout.php(25): view('admin/inout/index', [...])
 6 SYSTEMPATH\CodeIgniter.php(904): App\Controllers\Inout->index()
 7 SYSTEMPATH\CodeIgniter.php(457): CodeIgniter\CodeIgniter->runController(Object(App\Controllers\Inout))
 8 SYSTEMPATH\CodeIgniter.php(340): CodeIgniter\CodeIgniter->handleRequest(null, Object(Config\Cache), false)
 9 FCPATH\index.php(67): CodeIgniter\CodeIgniter->run()
10 SYSTEMPATH\Commands\Server\rewrite.php(43): require_once('FCPATH\\index.php')
CRITICAL - 2022-09-13 01:03:45 --> Undefined variable $user
in APPPATH\Views\admin\inout\index.php on line 126.
 1 APPPATH\Views\admin\inout\index.php(126): CodeIgniter\Debug\Exceptions->errorHandler(2, 'Undefined variable $user', 'APPPATH\\Views\\admin\\inout\\index.php', 126)
 2 SYSTEMPATH\View\View.php(213): include('APPPATH\\Views\\admin\\inout\\index.php')
 3 SYSTEMPATH\View\View.php(216): CodeIgniter\View\View->CodeIgniter\View\{closure}()
 4 SYSTEMPATH\Common.php(1137): CodeIgniter\View\View->render('admin/inout/index', [], true)
 5 APPPATH\Controllers\Inout.php(25): view('admin/inout/index', [...])
 6 SYSTEMPATH\CodeIgniter.php(904): App\Controllers\Inout->index()
 7 SYSTEMPATH\CodeIgniter.php(457): CodeIgniter\CodeIgniter->runController(Object(App\Controllers\Inout))
 8 SYSTEMPATH\CodeIgniter.php(340): CodeIgniter\CodeIgniter->handleRequest(null, Object(Config\Cache), false)
 9 FCPATH\index.php(67): CodeIgniter\CodeIgniter->run()
10 SYSTEMPATH\Commands\Server\rewrite.php(43): require_once('FCPATH\\index.php')
CRITICAL - 2022-09-13 01:06:42 --> Undefined variable $user
in APPPATH\Views\admin\inout\index.php on line 133.
 1 APPPATH\Views\admin\inout\index.php(133): CodeIgniter\Debug\Exceptions->errorHandler(2, 'Undefined variable $user', 'APPPATH\\Views\\admin\\inout\\index.php', 133)
 2 SYSTEMPATH\View\View.php(213): include('APPPATH\\Views\\admin\\inout\\index.php')
 3 SYSTEMPATH\View\View.php(216): CodeIgniter\View\View->CodeIgniter\View\{closure}()
 4 SYSTEMPATH\Common.php(1137): CodeIgniter\View\View->render('admin/inout/index', [], true)
 5 APPPATH\Controllers\Inout.php(25): view('admin/inout/index', [...])
 6 SYSTEMPATH\CodeIgniter.php(904): App\Controllers\Inout->index()
 7 SYSTEMPATH\CodeIgniter.php(457): CodeIgniter\CodeIgniter->runController(Object(App\Controllers\Inout))
 8 SYSTEMPATH\CodeIgniter.php(340): CodeIgniter\CodeIgniter->handleRequest(null, Object(Config\Cache), false)
 9 FCPATH\index.php(67): CodeIgniter\CodeIgniter->run()
10 SYSTEMPATH\Commands\Server\rewrite.php(43): require_once('FCPATH\\index.php')
CRITICAL - 2022-09-13 02:14:08 --> Undefined global variable $_SESSION
in APPPATH\Views\user\pikel\index.php on line 73.
 1 APPPATH\Views\user\pikel\index.php(73): CodeIgniter\Debug\Exceptions->errorHandler(2, 'Undefined global variable $_SESSION', 'APPPATH\\Views\\user\\pikel\\index.php', 73)
 2 SYSTEMPATH\View\View.php(213): include('APPPATH\\Views\\user\\pikel\\index.php')
 3 SYSTEMPATH\View\View.php(216): CodeIgniter\View\View->CodeIgniter\View\{closure}()
 4 SYSTEMPATH\Common.php(1137): CodeIgniter\View\View->render('user/pikel/index', [], true)
 5 APPPATH\Controllers\Inout.php(69): view('user/pikel/index')
 6 SYSTEMPATH\CodeIgniter.php(904): App\Controllers\Inout->pikel()
 7 SYSTEMPATH\CodeIgniter.php(457): CodeIgniter\CodeIgniter->runController(Object(App\Controllers\Inout))
 8 SYSTEMPATH\CodeIgniter.php(340): CodeIgniter\CodeIgniter->handleRequest(null, Object(Config\Cache), false)
 9 FCPATH\index.php(67): CodeIgniter\CodeIgniter->run()
10 SYSTEMPATH\Commands\Server\rewrite.php(43): require_once('FCPATH\\index.php')
CRITICAL - 2022-09-13 02:22:12 --> Undefined variable $user
in APPPATH\Views\user\pikel\index.php on line 115.
 1 APPPATH\Views\user\pikel\index.php(115): CodeIgniter\Debug\Exceptions->errorHandler(2, 'Undefined variable $user', 'APPPATH\\Views\\user\\pikel\\index.php', 115)
 2 SYSTEMPATH\View\View.php(213): include('APPPATH\\Views\\user\\pikel\\index.php')
 3 SYSTEMPATH\View\View.php(216): CodeIgniter\View\View->CodeIgniter\View\{closure}()
 4 SYSTEMPATH\Common.php(1137): CodeIgniter\View\View->render('user/pikel/index', [], true)
 5 APPPATH\Controllers\Inout.php(69): view('user/pikel/index')
 6 SYSTEMPATH\CodeIgniter.php(904): App\Controllers\Inout->pikel()
 7 SYSTEMPATH\CodeIgniter.php(457): CodeIgniter\CodeIgniter->runController(Object(App\Controllers\Inout))
 8 SYSTEMPATH\CodeIgniter.php(340): CodeIgniter\CodeIgniter->handleRequest(null, Object(Config\Cache), false)
 9 FCPATH\index.php(67): CodeIgniter\CodeIgniter->run()
10 SYSTEMPATH\Commands\Server\rewrite.php(43): require_once('FCPATH\\index.php')
CRITICAL - 2022-09-13 02:28:39 --> Undefined variable $inout
in APPPATH\Views\user\pikel\index.php on line 115.
 1 APPPATH\Views\user\pikel\index.php(115): CodeIgniter\Debug\Exceptions->errorHandler(2, 'Undefined variable $inout', 'APPPATH\\Views\\user\\pikel\\index.php', 115)
 2 SYSTEMPATH\View\View.php(213): include('APPPATH\\Views\\user\\pikel\\index.php')
 3 SYSTEMPATH\View\View.php(216): CodeIgniter\View\View->CodeIgniter\View\{closure}()
 4 SYSTEMPATH\Common.php(1137): CodeIgniter\View\View->render('user/pikel/index', [], true)
 5 APPPATH\Controllers\Inout.php(69): view('user/pikel/index')
 6 SYSTEMPATH\CodeIgniter.php(904): App\Controllers\Inout->pikel()
 7 SYSTEMPATH\CodeIgniter.php(457): CodeIgniter\CodeIgniter->runController(Object(App\Controllers\Inout))
 8 SYSTEMPATH\CodeIgniter.php(340): CodeIgniter\CodeIgniter->handleRequest(null, Object(Config\Cache), false)
 9 FCPATH\index.php(67): CodeIgniter\CodeIgniter->run()
10 SYSTEMPATH\Commands\Server\rewrite.php(43): require_once('FCPATH\\index.php')
CRITICAL - 2022-09-13 02:29:56 --> Undefined variable $inout
in APPPATH\Views\user\pikel\index.php on line 133.
 1 APPPATH\Views\user\pikel\index.php(133): CodeIgniter\Debug\Exceptions->errorHandler(2, 'Undefined variable $inout', 'APPPATH\\Views\\user\\pikel\\index.php', 133)
 2 SYSTEMPATH\View\View.php(213): include('APPPATH\\Views\\user\\pikel\\index.php')
 3 SYSTEMPATH\View\View.php(216): CodeIgniter\View\View->CodeIgniter\View\{closure}()
 4 SYSTEMPATH\Common.php(1137): CodeIgniter\View\View->render('user/pikel/index', [], true)
 5 APPPATH\Controllers\Inout.php(69): view('user/pikel/index')
 6 SYSTEMPATH\CodeIgniter.php(904): App\Controllers\Inout->pikel()
 7 SYSTEMPATH\CodeIgniter.php(457): CodeIgniter\CodeIgniter->runController(Object(App\Controllers\Inout))
 8 SYSTEMPATH\CodeIgniter.php(340): CodeIgniter\CodeIgniter->handleRequest(null, Object(Config\Cache), false)
 9 FCPATH\index.php(67): CodeIgniter\CodeIgniter->run()
10 SYSTEMPATH\Commands\Server\rewrite.php(43): require_once('FCPATH\\index.php')
CRITICAL - 2022-09-13 02:33:17 --> Undefined array key "username"
in APPPATH\Views\user\pikel\index.php on line 122.
 1 APPPATH\Views\user\pikel\index.php(122): CodeIgniter\Debug\Exceptions->errorHandler(2, 'Undefined array key "username"', 'APPPATH\\Views\\user\\pikel\\index.php', 122)
 2 SYSTEMPATH\View\View.php(213): include('APPPATH\\Views\\user\\pikel\\index.php')
 3 SYSTEMPATH\View\View.php(216): CodeIgniter\View\View->CodeIgniter\View\{closure}()
 4 SYSTEMPATH\Common.php(1137): CodeIgniter\View\View->render('user/pikel/index', [], true)
 5 APPPATH\Controllers\Inout.php(77): view('user/pikel/index', [...])
 6 SYSTEMPATH\CodeIgniter.php(904): App\Controllers\Inout->pikel()
 7 SYSTEMPATH\CodeIgniter.php(457): CodeIgniter\CodeIgniter->runController(Object(App\Controllers\Inout))
 8 SYSTEMPATH\CodeIgniter.php(340): CodeIgniter\CodeIgniter->handleRequest(null, Object(Config\Cache), false)
 9 FCPATH\index.php(67): CodeIgniter\CodeIgniter->run()
10 SYSTEMPATH\Commands\Server\rewrite.php(43): require_once('FCPATH\\index.php')
CRITICAL - 2022-09-13 02:33:36 --> Undefined array key "level"
in APPPATH\Views\user\pikel\index.php on line 127.
 1 APPPATH\Views\user\pikel\index.php(127): CodeIgniter\Debug\Exceptions->errorHandler(2, 'Undefined array key "level"', 'APPPATH\\Views\\user\\pikel\\index.php', 127)
 2 SYSTEMPATH\View\View.php(213): include('APPPATH\\Views\\user\\pikel\\index.php')
 3 SYSTEMPATH\View\View.php(216): CodeIgniter\View\View->CodeIgniter\View\{closure}()
 4 SYSTEMPATH\Common.php(1137): CodeIgniter\View\View->render('user/pikel/index', [], true)
 5 APPPATH\Controllers\Inout.php(77): view('user/pikel/index', [...])
 6 SYSTEMPATH\CodeIgniter.php(904): App\Controllers\Inout->pikel()
 7 SYSTEMPATH\CodeIgniter.php(457): CodeIgniter\CodeIgniter->runController(Object(App\Controllers\Inout))
 8 SYSTEMPATH\CodeIgniter.php(340): CodeIgniter\CodeIgniter->handleRequest(null, Object(Config\Cache), false)
 9 FCPATH\index.php(67): CodeIgniter\CodeIgniter->run()
10 SYSTEMPATH\Commands\Server\rewrite.php(43): require_once('FCPATH\\index.php')
CRITICAL - 2022-09-13 02:34:45 --> Undefined array key "username"
in APPPATH\Views\user\pikel\index.php on line 136.
 1 APPPATH\Views\user\pikel\index.php(136): CodeIgniter\Debug\Exceptions->errorHandler(2, 'Undefined array key "username"', 'APPPATH\\Views\\user\\pikel\\index.php', 136)
 2 SYSTEMPATH\View\View.php(213): include('APPPATH\\Views\\user\\pikel\\index.php')
 3 SYSTEMPATH\View\View.php(216): CodeIgniter\View\View->CodeIgniter\View\{closure}()
 4 SYSTEMPATH\Common.php(1137): CodeIgniter\View\View->render('user/pikel/index', [], true)
 5 APPPATH\Controllers\Inout.php(77): view('user/pikel/index', [...])
 6 SYSTEMPATH\CodeIgniter.php(904): App\Controllers\Inout->pikel()
 7 SYSTEMPATH\CodeIgniter.php(457): CodeIgniter\CodeIgniter->runController(Object(App\Controllers\Inout))
 8 SYSTEMPATH\CodeIgniter.php(340): CodeIgniter\CodeIgniter->handleRequest(null, Object(Config\Cache), false)
 9 FCPATH\index.php(67): CodeIgniter\CodeIgniter->run()
10 SYSTEMPATH\Commands\Server\rewrite.php(43): require_once('FCPATH\\index.php')
CRITICAL - 2022-09-13 02:35:07 --> Undefined array key "level"
in APPPATH\Views\user\pikel\index.php on line 136.
 1 APPPATH\Views\user\pikel\index.php(136): CodeIgniter\Debug\Exceptions->errorHandler(2, 'Undefined array key "level"', 'APPPATH\\Views\\user\\pikel\\index.php', 136)
 2 SYSTEMPATH\View\View.php(213): include('APPPATH\\Views\\user\\pikel\\index.php')
 3 SYSTEMPATH\View\View.php(216): CodeIgniter\View\View->CodeIgniter\View\{closure}()
 4 SYSTEMPATH\Common.php(1137): CodeIgniter\View\View->render('user/pikel/index', [], true)
 5 APPPATH\Controllers\Inout.php(77): view('user/pikel/index', [...])
 6 SYSTEMPATH\CodeIgniter.php(904): App\Controllers\Inout->pikel()
 7 SYSTEMPATH\CodeIgniter.php(457): CodeIgniter\CodeIgniter->runController(Object(App\Controllers\Inout))
 8 SYSTEMPATH\CodeIgniter.php(340): CodeIgniter\CodeIgniter->handleRequest(null, Object(Config\Cache), false)
 9 FCPATH\index.php(67): CodeIgniter\CodeIgniter->run()
10 SYSTEMPATH\Commands\Server\rewrite.php(43): require_once('FCPATH\\index.php')
