CRITICAL - 2022-09-07 01:47:41 --> Undefined global variable $_SESSION
in APPPATH\Views\user\pinjam\index.php on line 88.
 1 APPPATH\Views\user\pinjam\index.php(88): CodeIgniter\Debug\Exceptions->errorHandler(2, 'Undefined global variable $_SESSION', 'APPPATH\\Views\\user\\pinjam\\index.php', 88)
 2 SYSTEMPATH\View\View.php(213): include('APPPATH\\Views\\user\\pinjam\\index.php')
 3 SYSTEMPATH\View\View.php(216): CodeIgniter\View\View->CodeIgniter\View\{closure}()
 4 SYSTEMPATH\Common.php(1137): CodeIgniter\View\View->render('user/pinjam/index', [], true)
 5 APPPATH\Controllers\Pinjam.php(25): view('user/pinjam/index', [...])
 6 SYSTEMPATH\CodeIgniter.php(904): App\Controllers\Pinjam->index()
 7 SYSTEMPATH\CodeIgniter.php(457): CodeIgniter\CodeIgniter->runController(Object(App\Controllers\Pinjam))
 8 SYSTEMPATH\CodeIgniter.php(340): CodeIgniter\CodeIgniter->handleRequest(null, Object(Config\Cache), false)
 9 FCPATH\index.php(67): CodeIgniter\CodeIgniter->run()
10 SYSTEMPATH\Commands\Server\rewrite.php(43): require_once('FCPATH\\index.php')
ERROR - 2022-09-07 20:43:37 --> Error connecting to the database: mysqli_sql_exception: No connection could be made because the target machine actively refused it in E:\xampp\htdocs\booklen\system\Database\MySQLi\Connection.php:171
Stack trace:
#0 E:\xampp\htdocs\booklen\system\Database\MySQLi\Connection.php(171): mysqli->real_connect('localhost', 'root', '', 'booklen', 3306, '', 0)
#1 E:\xampp\htdocs\booklen\system\Database\BaseConnection.php(382): CodeIgniter\Database\MySQLi\Connection->connect(false)
#2 E:\xampp\htdocs\booklen\system\Database\BaseConnection.php(588): CodeIgniter\Database\BaseConnection->initialize()
#3 E:\xampp\htdocs\booklen\system\Database\BaseBuilder.php(1585): CodeIgniter\Database\BaseConnection->query('SELECT *\nFROM `...', Array, false)
#4 E:\xampp\htdocs\booklen\app\Models\LoginModel.php(17): CodeIgniter\Database\BaseBuilder->get()
#5 E:\xampp\htdocs\booklen\app\Controllers\Login.php(32): App\Models\LoginModel->cekLogin('tasya', '7d19636b89246d5...')
#6 E:\xampp\htdocs\booklen\system\CodeIgniter.php(904): App\Controllers\Login->cekLogin()
#7 E:\xampp\htdocs\booklen\system\CodeIgniter.php(457): CodeIgniter\CodeIgniter->runController(Object(App\Controllers\Login))
#8 E:\xampp\htdocs\booklen\system\CodeIgniter.php(340): CodeIgniter\CodeIgniter->handleRequest(NULL, Object(Config\Cache), false)
#9 E:\xampp\htdocs\booklen\public\index.php(67): CodeIgniter\CodeIgniter->run()
#10 E:\xampp\htdocs\booklen\system\Commands\Server\rewrite.php(43): require_once('E:\\xampp\\htdocs...')
#11 {main}

Next CodeIgniter\Database\Exceptions\DatabaseException: No connection could be made because the target machine actively refused it in E:\xampp\htdocs\booklen\system\Database\MySQLi\Connection.php:215
Stack trace:
#0 E:\xampp\htdocs\booklen\system\Database\BaseConnection.php(382): CodeIgniter\Database\MySQLi\Connection->connect(false)
#1 E:\xampp\htdocs\booklen\system\Database\BaseConnection.php(588): CodeIgniter\Database\BaseConnection->initialize()
#2 E:\xampp\htdocs\booklen\system\Database\BaseBuilder.php(1585): CodeIgniter\Database\BaseConnection->query('SELECT *\nFROM `...', Array, false)
#3 E:\xampp\htdocs\booklen\app\Models\LoginModel.php(17): CodeIgniter\Database\BaseBuilder->get()
#4 E:\xampp\htdocs\booklen\app\Controllers\Login.php(32): App\Models\LoginModel->cekLogin('tasya', '7d19636b89246d5...')
#5 E:\xampp\htdocs\booklen\system\CodeIgniter.php(904): App\Controllers\Login->cekLogin()
#6 E:\xampp\htdocs\booklen\system\CodeIgniter.php(457): CodeIgniter\CodeIgniter->runController(Object(App\Controllers\Login))
#7 E:\xampp\htdocs\booklen\system\CodeIgniter.php(340): CodeIgniter\CodeIgniter->handleRequest(NULL, Object(Config\Cache), false)
#8 E:\xampp\htdocs\booklen\public\index.php(67): CodeIgniter\CodeIgniter->run()
#9 E:\xampp\htdocs\booklen\system\Commands\Server\rewrite.php(43): require_once('E:\\xampp\\htdocs...')
#10 {main}
CRITICAL - 2022-09-07 20:43:37 --> Unable to connect to the database.
Main connection [MySQLi]: No connection could be made because the target machine actively refused it
in SYSTEMPATH\Database\BaseConnection.php on line 418.
 1 SYSTEMPATH\Database\BaseConnection.php(588): CodeIgniter\Database\BaseConnection->initialize()
 2 SYSTEMPATH\Database\BaseBuilder.php(1585): CodeIgniter\Database\BaseConnection->query('SELECT *
FROM `user`
WHERE `username` = :username:
AND `password` = :password:', [...], false)
 3 APPPATH\Models\LoginModel.php(17): CodeIgniter\Database\BaseBuilder->get()
 4 APPPATH\Controllers\Login.php(32): App\Models\LoginModel->cekLogin('tasya', '7d19636b89246d5a90c4a7ceb0a7142345bbf020')
 5 SYSTEMPATH\CodeIgniter.php(904): App\Controllers\Login->cekLogin()
 6 SYSTEMPATH\CodeIgniter.php(457): CodeIgniter\CodeIgniter->runController(Object(App\Controllers\Login))
 7 SYSTEMPATH\CodeIgniter.php(340): CodeIgniter\CodeIgniter->handleRequest(null, Object(Config\Cache), false)
 8 FCPATH\index.php(67): CodeIgniter\CodeIgniter->run()
 9 SYSTEMPATH\Commands\Server\rewrite.php(43): require_once('FCPATH\\index.php')
CRITICAL - 2022-09-07 21:00:47 --> Undefined array key "idPosting"
in APPPATH\Views\admin\user\index.php on line 231.
 1 APPPATH\Views\admin\user\index.php(231): CodeIgniter\Debug\Exceptions->errorHandler(2, 'Undefined array key "idPosting"', 'APPPATH\\Views\\admin\\user\\index.php', 231)
 2 SYSTEMPATH\View\View.php(213): include('APPPATH\\Views\\admin\\user\\index.php')
 3 SYSTEMPATH\View\View.php(216): CodeIgniter\View\View->CodeIgniter\View\{closure}()
 4 SYSTEMPATH\Common.php(1137): CodeIgniter\View\View->render('admin/user/index', [], true)
 5 APPPATH\Controllers\Admin.php(47): view('admin/user/index', [...])
 6 SYSTEMPATH\CodeIgniter.php(904): App\Controllers\Admin->user()
 7 SYSTEMPATH\CodeIgniter.php(457): CodeIgniter\CodeIgniter->runController(Object(App\Controllers\Admin))
 8 SYSTEMPATH\CodeIgniter.php(340): CodeIgniter\CodeIgniter->handleRequest(null, Object(Config\Cache), false)
 9 FCPATH\index.php(67): CodeIgniter\CodeIgniter->run()
10 SYSTEMPATH\Commands\Server\rewrite.php(43): require_once('FCPATH\\index.php')
CRITICAL - 2022-09-07 21:03:30 --> Undefined variable $id
in APPPATH\Controllers\Admin.php on line 88.
 1 APPPATH\Controllers\Admin.php(88): CodeIgniter\Debug\Exceptions->errorHandler(2, 'Undefined variable $id', 'APPPATH\\Controllers\\Admin.php', 88)
 2 SYSTEMPATH\CodeIgniter.php(904): App\Controllers\Admin->delete('24')
 3 SYSTEMPATH\CodeIgniter.php(457): CodeIgniter\CodeIgniter->runController(Object(App\Controllers\Admin))
 4 SYSTEMPATH\CodeIgniter.php(340): CodeIgniter\CodeIgniter->handleRequest(null, Object(Config\Cache), false)
 5 FCPATH\index.php(67): CodeIgniter\CodeIgniter->run()
 6 SYSTEMPATH\Commands\Server\rewrite.php(43): require_once('FCPATH\\index.php')
