CRITICAL - 2022-09-05 09:19:11 --> Undefined global variable $_SESSION
in APPPATH\Views\user\pinjam\index.php on line 88.
 1 APPPATH\Views\user\pinjam\index.php(88): CodeIgniter\Debug\Exceptions->errorHandler(2, 'Undefined global variable $_SESSION', 'APPPATH\\Views\\user\\pinjam\\index.php', 88)
 2 SYSTEMPATH\View\View.php(213): include('APPPATH\\Views\\user\\pinjam\\index.php')
 3 SYSTEMPATH\View\View.php(216): CodeIgniter\View\View->CodeIgniter\View\{closure}()
 4 SYSTEMPATH\Common.php(1137): CodeIgniter\View\View->render('user/pinjam/index', [], true)
 5 APPPATH\Controllers\Pinjam.php(25): view('user/pinjam/index', [...])
 6 SYSTEMPATH\CodeIgniter.php(904): App\Controllers\Pinjam->index()
 7 SYSTEMPATH\CodeIgniter.php(457): CodeIgniter\CodeIgniter->runController(Object(App\Controllers\Pinjam))
 8 SYSTEMPATH\CodeIgniter.php(340): CodeIgniter\CodeIgniter->handleRequest(null, Object(Config\Cache), false)
 9 FCPATH\index.php(67): CodeIgniter\CodeIgniter->run()
10 SYSTEMPATH\Commands\Server\rewrite.php(43): require_once('FCPATH\\index.php')
CRITICAL - 2022-09-05 09:19:34 --> Undefined global variable $_SESSION
in APPPATH\Views\user\pinjam\index.php on line 88.
 1 APPPATH\Views\user\pinjam\index.php(88): CodeIgniter\Debug\Exceptions->errorHandler(2, 'Undefined global variable $_SESSION', 'APPPATH\\Views\\user\\pinjam\\index.php', 88)
 2 SYSTEMPATH\View\View.php(213): include('APPPATH\\Views\\user\\pinjam\\index.php')
 3 SYSTEMPATH\View\View.php(216): CodeIgniter\View\View->CodeIgniter\View\{closure}()
 4 SYSTEMPATH\Common.php(1137): CodeIgniter\View\View->render('user/pinjam/index', [], true)
 5 APPPATH\Controllers\Pinjam.php(25): view('user/pinjam/index', [...])
 6 SYSTEMPATH\CodeIgniter.php(904): App\Controllers\Pinjam->index()
 7 SYSTEMPATH\CodeIgniter.php(457): CodeIgniter\CodeIgniter->runController(Object(App\Controllers\Pinjam))
 8 SYSTEMPATH\CodeIgniter.php(340): CodeIgniter\CodeIgniter->handleRequest(null, Object(Config\Cache), false)
 9 FCPATH\index.php(67): CodeIgniter\CodeIgniter->run()
10 SYSTEMPATH\Commands\Server\rewrite.php(43): require_once('FCPATH\\index.php')
CRITICAL - 2022-09-05 09:19:59 --> Undefined variable $user
in APPPATH\Views\user\pinjam\index.php on line 130.
 1 APPPATH\Views\user\pinjam\index.php(130): CodeIgniter\Debug\Exceptions->errorHandler(2, 'Undefined variable $user', 'APPPATH\\Views\\user\\pinjam\\index.php', 130)
 2 SYSTEMPATH\View\View.php(213): include('APPPATH\\Views\\user\\pinjam\\index.php')
 3 SYSTEMPATH\View\View.php(216): CodeIgniter\View\View->CodeIgniter\View\{closure}()
 4 SYSTEMPATH\Common.php(1137): CodeIgniter\View\View->render('user/pinjam/index', [], true)
 5 APPPATH\Controllers\Pinjam.php(25): view('user/pinjam/index', [...])
 6 SYSTEMPATH\CodeIgniter.php(904): App\Controllers\Pinjam->index()
 7 SYSTEMPATH\CodeIgniter.php(457): CodeIgniter\CodeIgniter->runController(Object(App\Controllers\Pinjam))
 8 SYSTEMPATH\CodeIgniter.php(340): CodeIgniter\CodeIgniter->handleRequest(null, Object(Config\Cache), false)
 9 FCPATH\index.php(67): CodeIgniter\CodeIgniter->run()
10 SYSTEMPATH\Commands\Server\rewrite.php(43): require_once('FCPATH\\index.php')
CRITICAL - 2022-09-05 09:20:15 --> syntax error, unexpected token "endforeach", expecting end of file
in APPPATH\Views\user\pinjam\index.php on line 162.
 1 SYSTEMPATH\View\View.php(216): CodeIgniter\View\View->CodeIgniter\View\{closure}()
 2 SYSTEMPATH\Common.php(1137): CodeIgniter\View\View->render('user/pinjam/index', [], true)
 3 APPPATH\Controllers\Pinjam.php(25): view('user/pinjam/index', [...])
 4 SYSTEMPATH\CodeIgniter.php(904): App\Controllers\Pinjam->index()
 5 SYSTEMPATH\CodeIgniter.php(457): CodeIgniter\CodeIgniter->runController(Object(App\Controllers\Pinjam))
 6 SYSTEMPATH\CodeIgniter.php(340): CodeIgniter\CodeIgniter->handleRequest(null, Object(Config\Cache), false)
 7 FCPATH\index.php(67): CodeIgniter\CodeIgniter->run()
 8 SYSTEMPATH\Commands\Server\rewrite.php(43): require_once('FCPATH\\index.php')
CRITICAL - 2022-09-05 09:20:28 --> Undefined variable $row
in APPPATH\Views\user\pinjam\index.php on line 132.
 1 APPPATH\Views\user\pinjam\index.php(132): CodeIgniter\Debug\Exceptions->errorHandler(2, 'Undefined variable $row', 'APPPATH\\Views\\user\\pinjam\\index.php', 132)
 2 SYSTEMPATH\View\View.php(213): include('APPPATH\\Views\\user\\pinjam\\index.php')
 3 SYSTEMPATH\View\View.php(216): CodeIgniter\View\View->CodeIgniter\View\{closure}()
 4 SYSTEMPATH\Common.php(1137): CodeIgniter\View\View->render('user/pinjam/index', [], true)
 5 APPPATH\Controllers\Pinjam.php(25): view('user/pinjam/index', [...])
 6 SYSTEMPATH\CodeIgniter.php(904): App\Controllers\Pinjam->index()
 7 SYSTEMPATH\CodeIgniter.php(457): CodeIgniter\CodeIgniter->runController(Object(App\Controllers\Pinjam))
 8 SYSTEMPATH\CodeIgniter.php(340): CodeIgniter\CodeIgniter->handleRequest(null, Object(Config\Cache), false)
 9 FCPATH\index.php(67): CodeIgniter\CodeIgniter->run()
10 SYSTEMPATH\Commands\Server\rewrite.php(43): require_once('FCPATH\\index.php')
CRITICAL - 2022-09-05 09:21:26 --> Undefined global variable $_SESSION
in APPPATH\Views\user\pinjam\index.php on line 88.
 1 APPPATH\Views\user\pinjam\index.php(88): CodeIgniter\Debug\Exceptions->errorHandler(2, 'Undefined global variable $_SESSION', 'APPPATH\\Views\\user\\pinjam\\index.php', 88)
 2 SYSTEMPATH\View\View.php(213): include('APPPATH\\Views\\user\\pinjam\\index.php')
 3 SYSTEMPATH\View\View.php(216): CodeIgniter\View\View->CodeIgniter\View\{closure}()
 4 SYSTEMPATH\Common.php(1137): CodeIgniter\View\View->render('user/pinjam/index', [], true)
 5 APPPATH\Controllers\Pinjam.php(25): view('user/pinjam/index', [...])
 6 SYSTEMPATH\CodeIgniter.php(904): App\Controllers\Pinjam->index()
 7 SYSTEMPATH\CodeIgniter.php(457): CodeIgniter\CodeIgniter->runController(Object(App\Controllers\Pinjam))
 8 SYSTEMPATH\CodeIgniter.php(340): CodeIgniter\CodeIgniter->handleRequest(null, Object(Config\Cache), false)
 9 FCPATH\index.php(67): CodeIgniter\CodeIgniter->run()
10 SYSTEMPATH\Commands\Server\rewrite.php(43): require_once('FCPATH\\index.php')
CRITICAL - 2022-09-05 09:21:44 --> Undefined global variable $_SESSION
in APPPATH\Views\user\pinjam\index.php on line 88.
 1 APPPATH\Views\user\pinjam\index.php(88): CodeIgniter\Debug\Exceptions->errorHandler(2, 'Undefined global variable $_SESSION', 'APPPATH\\Views\\user\\pinjam\\index.php', 88)
 2 SYSTEMPATH\View\View.php(213): include('APPPATH\\Views\\user\\pinjam\\index.php')
 3 SYSTEMPATH\View\View.php(216): CodeIgniter\View\View->CodeIgniter\View\{closure}()
 4 SYSTEMPATH\Common.php(1137): CodeIgniter\View\View->render('user/pinjam/index', [], true)
 5 APPPATH\Controllers\Pinjam.php(25): view('user/pinjam/index', [...])
 6 SYSTEMPATH\CodeIgniter.php(904): App\Controllers\Pinjam->index()
 7 SYSTEMPATH\CodeIgniter.php(457): CodeIgniter\CodeIgniter->runController(Object(App\Controllers\Pinjam))
 8 SYSTEMPATH\CodeIgniter.php(340): CodeIgniter\CodeIgniter->handleRequest(null, Object(Config\Cache), false)
 9 FCPATH\index.php(67): CodeIgniter\CodeIgniter->run()
10 SYSTEMPATH\Commands\Server\rewrite.php(43): require_once('FCPATH\\index.php')
CRITICAL - 2022-09-05 09:22:00 --> Undefined global variable $_SESSION
in APPPATH\Views\user\pinjam\index.php on line 88.
 1 APPPATH\Views\user\pinjam\index.php(88): CodeIgniter\Debug\Exceptions->errorHandler(2, 'Undefined global variable $_SESSION', 'APPPATH\\Views\\user\\pinjam\\index.php', 88)
 2 SYSTEMPATH\View\View.php(213): include('APPPATH\\Views\\user\\pinjam\\index.php')
 3 SYSTEMPATH\View\View.php(216): CodeIgniter\View\View->CodeIgniter\View\{closure}()
 4 SYSTEMPATH\Common.php(1137): CodeIgniter\View\View->render('user/pinjam/index', [], true)
 5 APPPATH\Controllers\Pinjam.php(25): view('user/pinjam/index', [...])
 6 SYSTEMPATH\CodeIgniter.php(904): App\Controllers\Pinjam->index()
 7 SYSTEMPATH\CodeIgniter.php(457): CodeIgniter\CodeIgniter->runController(Object(App\Controllers\Pinjam))
 8 SYSTEMPATH\CodeIgniter.php(340): CodeIgniter\CodeIgniter->handleRequest(null, Object(Config\Cache), false)
 9 FCPATH\index.php(67): CodeIgniter\CodeIgniter->run()
10 SYSTEMPATH\Commands\Server\rewrite.php(43): require_once('FCPATH\\index.php')
CRITICAL - 2022-09-05 09:38:18 --> Undefined global variable $_SESSION
in APPPATH\Views\user\pinjam\index.php on line 88.
 1 APPPATH\Views\user\pinjam\index.php(88): CodeIgniter\Debug\Exceptions->errorHandler(2, 'Undefined global variable $_SESSION', 'APPPATH\\Views\\user\\pinjam\\index.php', 88)
 2 SYSTEMPATH\View\View.php(213): include('APPPATH\\Views\\user\\pinjam\\index.php')
 3 SYSTEMPATH\View\View.php(216): CodeIgniter\View\View->CodeIgniter\View\{closure}()
 4 SYSTEMPATH\Common.php(1137): CodeIgniter\View\View->render('user/pinjam/index', [], true)
 5 APPPATH\Controllers\Pinjam.php(25): view('user/pinjam/index', [...])
 6 SYSTEMPATH\CodeIgniter.php(904): App\Controllers\Pinjam->index()
 7 SYSTEMPATH\CodeIgniter.php(457): CodeIgniter\CodeIgniter->runController(Object(App\Controllers\Pinjam))
 8 SYSTEMPATH\CodeIgniter.php(340): CodeIgniter\CodeIgniter->handleRequest(null, Object(Config\Cache), false)
 9 FCPATH\index.php(67): CodeIgniter\CodeIgniter->run()
10 SYSTEMPATH\Commands\Server\rewrite.php(43): require_once('FCPATH\\index.php')
CRITICAL - 2022-09-05 09:39:12 --> Undefined global variable $_SESSION
in APPPATH\Views\user\pinjam\index.php on line 88.
 1 APPPATH\Views\user\pinjam\index.php(88): CodeIgniter\Debug\Exceptions->errorHandler(2, 'Undefined global variable $_SESSION', 'APPPATH\\Views\\user\\pinjam\\index.php', 88)
 2 SYSTEMPATH\View\View.php(213): include('APPPATH\\Views\\user\\pinjam\\index.php')
 3 SYSTEMPATH\View\View.php(216): CodeIgniter\View\View->CodeIgniter\View\{closure}()
 4 SYSTEMPATH\Common.php(1137): CodeIgniter\View\View->render('user/pinjam/index', [], true)
 5 APPPATH\Controllers\Pinjam.php(25): view('user/pinjam/index', [...])
 6 SYSTEMPATH\CodeIgniter.php(904): App\Controllers\Pinjam->index()
 7 SYSTEMPATH\CodeIgniter.php(457): CodeIgniter\CodeIgniter->runController(Object(App\Controllers\Pinjam))
 8 SYSTEMPATH\CodeIgniter.php(340): CodeIgniter\CodeIgniter->handleRequest(null, Object(Config\Cache), false)
 9 FCPATH\index.php(67): CodeIgniter\CodeIgniter->run()
10 SYSTEMPATH\Commands\Server\rewrite.php(43): require_once('FCPATH\\index.php')
CRITICAL - 2022-09-05 09:42:13 --> Undefined global variable $_SESSION
in APPPATH\Views\user\pinjam\index.php on line 88.
 1 APPPATH\Views\user\pinjam\index.php(88): CodeIgniter\Debug\Exceptions->errorHandler(2, 'Undefined global variable $_SESSION', 'APPPATH\\Views\\user\\pinjam\\index.php', 88)
 2 SYSTEMPATH\View\View.php(213): include('APPPATH\\Views\\user\\pinjam\\index.php')
 3 SYSTEMPATH\View\View.php(216): CodeIgniter\View\View->CodeIgniter\View\{closure}()
 4 SYSTEMPATH\Common.php(1137): CodeIgniter\View\View->render('user/pinjam/index', [], true)
 5 APPPATH\Controllers\Pinjam.php(25): view('user/pinjam/index', [...])
 6 SYSTEMPATH\CodeIgniter.php(904): App\Controllers\Pinjam->index()
 7 SYSTEMPATH\CodeIgniter.php(457): CodeIgniter\CodeIgniter->runController(Object(App\Controllers\Pinjam))
 8 SYSTEMPATH\CodeIgniter.php(340): CodeIgniter\CodeIgniter->handleRequest(null, Object(Config\Cache), false)
 9 FCPATH\index.php(67): CodeIgniter\CodeIgniter->run()
10 SYSTEMPATH\Commands\Server\rewrite.php(43): require_once('FCPATH\\index.php')
CRITICAL - 2022-09-05 09:42:46 --> Undefined variable $row
in APPPATH\Views\user\pinjam\index.php on line 88.
 1 APPPATH\Views\user\pinjam\index.php(88): CodeIgniter\Debug\Exceptions->errorHandler(2, 'Undefined variable $row', 'APPPATH\\Views\\user\\pinjam\\index.php', 88)
 2 SYSTEMPATH\View\View.php(213): include('APPPATH\\Views\\user\\pinjam\\index.php')
 3 SYSTEMPATH\View\View.php(216): CodeIgniter\View\View->CodeIgniter\View\{closure}()
 4 SYSTEMPATH\Common.php(1137): CodeIgniter\View\View->render('user/pinjam/index', [], true)
 5 APPPATH\Controllers\Pinjam.php(25): view('user/pinjam/index', [...])
 6 SYSTEMPATH\CodeIgniter.php(904): App\Controllers\Pinjam->index()
 7 SYSTEMPATH\CodeIgniter.php(457): CodeIgniter\CodeIgniter->runController(Object(App\Controllers\Pinjam))
 8 SYSTEMPATH\CodeIgniter.php(340): CodeIgniter\CodeIgniter->handleRequest(null, Object(Config\Cache), false)
 9 FCPATH\index.php(67): CodeIgniter\CodeIgniter->run()
10 SYSTEMPATH\Commands\Server\rewrite.php(43): require_once('FCPATH\\index.php')
CRITICAL - 2022-09-05 10:00:44 --> Undefined global variable $_SESSION
in APPPATH\Views\user\pinjam\index.php on line 88.
 1 APPPATH\Views\user\pinjam\index.php(88): CodeIgniter\Debug\Exceptions->errorHandler(2, 'Undefined global variable $_SESSION', 'APPPATH\\Views\\user\\pinjam\\index.php', 88)
 2 SYSTEMPATH\View\View.php(213): include('APPPATH\\Views\\user\\pinjam\\index.php')
 3 SYSTEMPATH\View\View.php(216): CodeIgniter\View\View->CodeIgniter\View\{closure}()
 4 SYSTEMPATH\Common.php(1137): CodeIgniter\View\View->render('user/pinjam/index', [], true)
 5 APPPATH\Controllers\Pinjam.php(25): view('user/pinjam/index', [...])
 6 SYSTEMPATH\CodeIgniter.php(904): App\Controllers\Pinjam->index()
 7 SYSTEMPATH\CodeIgniter.php(457): CodeIgniter\CodeIgniter->runController(Object(App\Controllers\Pinjam))
 8 SYSTEMPATH\CodeIgniter.php(340): CodeIgniter\CodeIgniter->handleRequest(null, Object(Config\Cache), false)
 9 FCPATH\index.php(67): CodeIgniter\CodeIgniter->run()
10 SYSTEMPATH\Commands\Server\rewrite.php(43): require_once('FCPATH\\index.php')
CRITICAL - 2022-09-05 12:18:02 --> Too few arguments to function App\Controllers\Admin::delete(), 0 passed in E:\xampp\htdocs\booklen\system\CodeIgniter.php on line 904 and exactly 1 expected
in APPPATH\Controllers\Admin.php on line 85.
 1 SYSTEMPATH\CodeIgniter.php(904): App\Controllers\Admin->delete()
 2 SYSTEMPATH\CodeIgniter.php(457): CodeIgniter\CodeIgniter->runController(Object(App\Controllers\Admin))
 3 SYSTEMPATH\CodeIgniter.php(340): CodeIgniter\CodeIgniter->handleRequest(null, Object(Config\Cache), false)
 4 FCPATH\index.php(67): CodeIgniter\CodeIgniter->run()
 5 SYSTEMPATH\Commands\Server\rewrite.php(43): require_once('FCPATH\\index.php')
CRITICAL - 2022-09-05 12:19:44 --> Too few arguments to function App\Controllers\Admin::delete(), 0 passed in E:\xampp\htdocs\booklen\system\CodeIgniter.php on line 904 and exactly 1 expected
in APPPATH\Controllers\Admin.php on line 85.
 1 SYSTEMPATH\CodeIgniter.php(904): App\Controllers\Admin->delete()
 2 SYSTEMPATH\CodeIgniter.php(457): CodeIgniter\CodeIgniter->runController(Object(App\Controllers\Admin))
 3 SYSTEMPATH\CodeIgniter.php(340): CodeIgniter\CodeIgniter->handleRequest(null, Object(Config\Cache), false)
 4 FCPATH\index.php(67): CodeIgniter\CodeIgniter->run()
 5 SYSTEMPATH\Commands\Server\rewrite.php(43): require_once('FCPATH\\index.php')
CRITICAL - 2022-09-05 12:19:52 --> Too few arguments to function App\Controllers\Admin::delete(), 0 passed in E:\xampp\htdocs\booklen\system\CodeIgniter.php on line 904 and exactly 1 expected
in APPPATH\Controllers\Admin.php on line 85.
 1 SYSTEMPATH\CodeIgniter.php(904): App\Controllers\Admin->delete()
 2 SYSTEMPATH\CodeIgniter.php(457): CodeIgniter\CodeIgniter->runController(Object(App\Controllers\Admin))
 3 SYSTEMPATH\CodeIgniter.php(340): CodeIgniter\CodeIgniter->handleRequest(null, Object(Config\Cache), false)
 4 FCPATH\index.php(67): CodeIgniter\CodeIgniter->run()
 5 SYSTEMPATH\Commands\Server\rewrite.php(43): require_once('FCPATH\\index.php')
CRITICAL - 2022-09-05 12:20:06 --> Too few arguments to function App\Controllers\Admin::delete(), 0 passed in E:\xampp\htdocs\booklen\system\CodeIgniter.php on line 904 and exactly 1 expected
in APPPATH\Controllers\Admin.php on line 85.
 1 SYSTEMPATH\CodeIgniter.php(904): App\Controllers\Admin->delete()
 2 SYSTEMPATH\CodeIgniter.php(457): CodeIgniter\CodeIgniter->runController(Object(App\Controllers\Admin))
 3 SYSTEMPATH\CodeIgniter.php(340): CodeIgniter\CodeIgniter->handleRequest(null, Object(Config\Cache), false)
 4 FCPATH\index.php(67): CodeIgniter\CodeIgniter->run()
 5 SYSTEMPATH\Commands\Server\rewrite.php(43): require_once('FCPATH\\index.php')
CRITICAL - 2022-09-05 12:20:23 --> Too few arguments to function App\Controllers\Admin::delete(), 0 passed in E:\xampp\htdocs\booklen\system\CodeIgniter.php on line 904 and exactly 1 expected
in APPPATH\Controllers\Admin.php on line 85.
 1 SYSTEMPATH\CodeIgniter.php(904): App\Controllers\Admin->delete()
 2 SYSTEMPATH\CodeIgniter.php(457): CodeIgniter\CodeIgniter->runController(Object(App\Controllers\Admin))
 3 SYSTEMPATH\CodeIgniter.php(340): CodeIgniter\CodeIgniter->handleRequest(null, Object(Config\Cache), false)
 4 FCPATH\index.php(67): CodeIgniter\CodeIgniter->run()
 5 SYSTEMPATH\Commands\Server\rewrite.php(43): require_once('FCPATH\\index.php')
CRITICAL - 2022-09-05 12:21:02 --> Too few arguments to function App\Controllers\Admin::delete(), 0 passed in E:\xampp\htdocs\booklen\system\CodeIgniter.php on line 904 and exactly 1 expected
in APPPATH\Controllers\Admin.php on line 85.
 1 SYSTEMPATH\CodeIgniter.php(904): App\Controllers\Admin->delete()
 2 SYSTEMPATH\CodeIgniter.php(457): CodeIgniter\CodeIgniter->runController(Object(App\Controllers\Admin))
 3 SYSTEMPATH\CodeIgniter.php(340): CodeIgniter\CodeIgniter->handleRequest(null, Object(Config\Cache), false)
 4 FCPATH\index.php(67): CodeIgniter\CodeIgniter->run()
 5 SYSTEMPATH\Commands\Server\rewrite.php(43): require_once('FCPATH\\index.php')
CRITICAL - 2022-09-05 12:36:06 --> Too few arguments to function App\Controllers\Admin::delete(), 0 passed in E:\xampp\htdocs\booklen\system\CodeIgniter.php on line 904 and exactly 1 expected
in APPPATH\Controllers\Admin.php on line 85.
 1 SYSTEMPATH\CodeIgniter.php(904): App\Controllers\Admin->delete()
 2 SYSTEMPATH\CodeIgniter.php(457): CodeIgniter\CodeIgniter->runController(Object(App\Controllers\Admin))
 3 SYSTEMPATH\CodeIgniter.php(340): CodeIgniter\CodeIgniter->handleRequest(null, Object(Config\Cache), false)
 4 FCPATH\index.php(67): CodeIgniter\CodeIgniter->run()
 5 SYSTEMPATH\Commands\Server\rewrite.php(43): require_once('FCPATH\\index.php')
